<?xml version="1.0" encoding="UTF-8"?>
<!-- Generated by org.testng.reporters.JUnitReportReporter -->
<testsuite name="com.agilebiz.purchase.PurchaseRequisitionTestScripts" tests="10" time="0.000" ignored="0" failures="0" timestamp="02 Mar 2020 10:02:30 GMT" skipped="8" hostname="Virat-PC" errors="2">
  <testcase name="PurchaseRequisitionWithItemDetails" time="0.000" classname="com.agilebiz.purchase.PurchaseRequisitionTestScripts">
    <skipped/>
  </testcase> <!-- PurchaseRequisitionWithItemDetails -->
  <testcase name="PurchaseRequisitionWithItemDetails" time="0.000" classname="com.agilebiz.purchase.PurchaseRequisitionTestScripts">
    <skipped/>
  </testcase> <!-- PurchaseRequisitionWithItemDetails -->
  <testcase name="PurchaseRequisitionWithItemDetails" time="0.000" classname="com.agilebiz.purchase.PurchaseRequisitionTestScripts">
    <skipped/>
  </testcase> <!-- PurchaseRequisitionWithItemDetails -->
  <testcase name="PurchaseRequisitionWithItemDetails" time="0.000" classname="com.agilebiz.purchase.PurchaseRequisitionTestScripts">
    <skipped/>
  </testcase> <!-- PurchaseRequisitionWithItemDetails -->
  <testcase name="PurchaseRequisitionWithItemDetails" time="0.000" classname="com.agilebiz.purchase.PurchaseRequisitionTestScripts">
    <skipped/>
  </testcase> <!-- PurchaseRequisitionWithItemDetails -->
  <testcase name="PurchaseRequisitionWithItemDetails" time="0.000" classname="com.agilebiz.purchase.PurchaseRequisitionTestScripts">
    <skipped/>
  </testcase> <!-- PurchaseRequisitionWithItemDetails -->
  <testcase name="LoginTest" time="0.000" classname="com.agilebiz.purchase.PurchaseRequisitionTestScripts">
    <skipped/>
  </testcase> <!-- LoginTest -->
  <testcase name="PurchaseRequisitionWithItemDetails" time="0.000" classname="com.agilebiz.purchase.PurchaseRequisitionTestScripts">
    <skipped/>
  </testcase> <!-- PurchaseRequisitionWithItemDetails -->
  <testcase name="endTest" time="0.000" classname="com.agilebiz.purchase.PurchaseRequisitionTestScripts">
    <error type="java.lang.NullPointerException">
      <![CDATA[java.lang.NullPointerException
	at com.agilebiz.Utilities.GenericMethods.endTest(GenericMethods.java:1383)
	at sun.reflect.NativeMethodAccessorImpl.invoke0(Native Method)
	at sun.reflect.NativeMethodAccessorImpl.invoke(NativeMethodAccessorImpl.java:62)
	at sun.reflect.DelegatingMethodAccessorImpl.invoke(DelegatingMethodAccessorImpl.java:43)
	at java.lang.reflect.Method.invoke(Method.java:498)
	at org.testng.internal.MethodInvocationHelper.invokeMethod(MethodInvocationHelper.java:104)
	at org.testng.internal.Invoker.invokeConfigurationMethod(Invoker.java:515)
	at org.testng.internal.Invoker.invokeConfigurations(Invoker.java:217)
	at org.testng.internal.Invoker.invokeConfigurations(Invoker.java:144)
	at org.testng.SuiteRunner.privateRun(SuiteRunner.java:357)
	at org.testng.SuiteRunner.run(SuiteRunner.java:289)
	at org.testng.SuiteRunnerWorker.runSuite(SuiteRunnerWorker.java:52)
	at org.testng.SuiteRunnerWorker.run(SuiteRunnerWorker.java:86)
	at org.testng.TestNG.runSuitesSequentially(TestNG.java:1293)
	at org.testng.TestNG.runSuitesLocally(TestNG.java:1218)
	at org.testng.TestNG.runSuites(TestNG.java:1133)
	at org.testng.TestNG.run(TestNG.java:1104)
	at org.testng.remote.AbstractRemoteTestNG.run(AbstractRemoteTestNG.java:114)
	at org.testng.remote.RemoteTestNG.initAndRun(RemoteTestNG.java:251)
	at org.testng.remote.RemoteTestNG.main(RemoteTestNG.java:77)
]]>
    </error>
  </testcase> <!-- endTest -->
  <testcase name="LoadRepository_and_OpenBrowser" time="0.000" classname="com.agilebiz.purchase.PurchaseRequisitionTestScripts">
    <error type="org.openqa.selenium.SessionNotCreatedException" message="session not created: This version of ChromeDriver only supports Chrome version 78
Build info: version: &#039;3.141.59&#039;, revision: &#039;e82be7d358&#039;, time: &#039;2018-11-14T08:17:03&#039;
System info: host: &#039;VIRAT-PC&#039;, ip: &#039;192.168.2.198&#039;, os.name: &#039;Windows 10&#039;, os.arch: &#039;x86&#039;, os.version: &#039;10.0&#039;, java.version: &#039;1.8.0_74&#039;
Driver info: driver.version: ChromeDriver
remote stacktrace: Backtrace:
	Ordinal0 [0x0096A903+1550595]
	Ordinal0 [0x008EA701+1025793]
	Ordinal0 [0x0086C6E5+509669]
	Ordinal0 [0x007FFC68+64616]
	Ordinal0 [0x007FC594+50580]
	Ordinal0 [0x0081ACE7+175335]
	Ordinal0 [0x0081A8ED+174317]
	Ordinal0 [0x00818CDB+167131]
	Ordinal0 [0x0080144A+70730]
	Ordinal0 [0x008024D0+74960]
	Ordinal0 [0x00802469+74857]
	Ordinal0 [0x009042C7+1131207]
	GetHandleVerifier [0x00A070FD+523789]
	GetHandleVerifier [0x00A06E90+523168]
	GetHandleVerifier [0x00A0E1E7+552695]
	GetHandleVerifier [0x00A078FA+525834]
	Ordinal0 [0x008FB7FC+1095676]
	Ordinal0 [0x0090633B+1139515]
	Ordinal0 [0x009064A3+1139875]
	Ordinal0 [0x00905425+1135653]
	BaseThreadInitThunk [0x75C16359+25]
	RtlGetAppContainerNamedObjectPath [0x778F7A94+228]
	RtlGetAppContainerNamedObjectPath [0x778F7A64+180]
">
      <![CDATA[org.openqa.selenium.SessionNotCreatedException: session not created: This version of ChromeDriver only supports Chrome version 78
Build info: version: '3.141.59', revision: 'e82be7d358', time: '2018-11-14T08:17:03'
System info: host: 'VIRAT-PC', ip: '192.168.2.198', os.name: 'Windows 10', os.arch: 'x86', os.version: '10.0', java.version: '1.8.0_74'
Driver info: driver.version: ChromeDriver
remote stacktrace: Backtrace:
	Ordinal0 [0x0096A903+1550595]
	Ordinal0 [0x008EA701+1025793]
	Ordinal0 [0x0086C6E5+509669]
	Ordinal0 [0x007FFC68+64616]
	Ordinal0 [0x007FC594+50580]
	Ordinal0 [0x0081ACE7+175335]
	Ordinal0 [0x0081A8ED+174317]
	Ordinal0 [0x00818CDB+167131]
	Ordinal0 [0x0080144A+70730]
	Ordinal0 [0x008024D0+74960]
	Ordinal0 [0x00802469+74857]
	Ordinal0 [0x009042C7+1131207]
	GetHandleVerifier [0x00A070FD+523789]
	GetHandleVerifier [0x00A06E90+523168]
	GetHandleVerifier [0x00A0E1E7+552695]
	GetHandleVerifier [0x00A078FA+525834]
	Ordinal0 [0x008FB7FC+1095676]
	Ordinal0 [0x0090633B+1139515]
	Ordinal0 [0x009064A3+1139875]
	Ordinal0 [0x00905425+1135653]
	BaseThreadInitThunk [0x75C16359+25]
	RtlGetAppContainerNamedObjectPath [0x778F7A94+228]
	RtlGetAppContainerNamedObjectPath [0x778F7A64+180]

	at sun.reflect.NativeConstructorAccessorImpl.newInstance0(Native Method)
	at sun.reflect.NativeConstructorAccessorImpl.newInstance(NativeConstructorAccessorImpl.java:62)
	at sun.reflect.DelegatingConstructorAccessorImpl.newInstance(DelegatingConstructorAccessorImpl.java:45)
	at java.lang.reflect.Constructor.newInstance(Constructor.java:423)
	at org.openqa.selenium.remote.W3CHandshakeResponse.lambda$errorHandler$0(W3CHandshakeResponse.java:62)
	at org.openqa.selenium.remote.HandshakeResponse.lambda$getResponseFunction$0(HandshakeResponse.java:30)
	at org.openqa.selenium.remote.ProtocolHandshake.lambda$createSession$0(ProtocolHandshake.java:126)
	at java.util.stream.ReferencePipeline$3$1.accept(ReferencePipeline.java:193)
	at java.util.Spliterators$ArraySpliterator.tryAdvance(Spliterators.java:958)
	at java.util.stream.ReferencePipeline.forEachWithCancel(ReferencePipeline.java:126)
	at java.util.stream.AbstractPipeline.copyIntoWithCancel(AbstractPipeline.java:498)
	at java.util.stream.AbstractPipeline.copyInto(AbstractPipeline.java:485)
	at java.util.stream.AbstractPipeline.wrapAndCopyInto(AbstractPipeline.java:471)
	at java.util.stream.FindOps$FindOp.evaluateSequential(FindOps.java:152)
	at java.util.stream.AbstractPipeline.evaluate(AbstractPipeline.java:234)
	at java.util.stream.ReferencePipeline.findFirst(ReferencePipeline.java:464)
	at org.openqa.selenium.remote.ProtocolHandshake.createSession(ProtocolHandshake.java:128)
	at org.openqa.selenium.remote.ProtocolHandshake.createSession(ProtocolHandshake.java:74)
	at org.openqa.selenium.remote.HttpCommandExecutor.execute(HttpCommandExecutor.java:136)
	at org.openqa.selenium.remote.service.DriverCommandExecutor.execute(DriverCommandExecutor.java:83)
	at org.openqa.selenium.remote.RemoteWebDriver.execute(RemoteWebDriver.java:552)
	at org.openqa.selenium.remote.RemoteWebDriver.startSession(RemoteWebDriver.java:213)
	at org.openqa.selenium.remote.RemoteWebDriver.<init>(RemoteWebDriver.java:131)
	at org.openqa.selenium.chrome.ChromeDriver.<init>(ChromeDriver.java:181)
	at org.openqa.selenium.chrome.ChromeDriver.<init>(ChromeDriver.java:168)
	at org.openqa.selenium.chrome.ChromeDriver.<init>(ChromeDriver.java:123)
	at com.agilebiz.Utilities.GenericMethods.selectBrowser(GenericMethods.java:129)
	at com.agilebiz.Utilities.TestBase.LoadRepository_and_OpenBrowser(TestBase.java:32)
	at sun.reflect.NativeMethodAccessorImpl.invoke0(Native Method)
	at sun.reflect.NativeMethodAccessorImpl.invoke(NativeMethodAccessorImpl.java:62)
	at sun.reflect.DelegatingMethodAccessorImpl.invoke(DelegatingMethodAccessorImpl.java:43)
	at java.lang.reflect.Method.invoke(Method.java:498)
	at org.testng.internal.MethodInvocationHelper.invokeMethod(MethodInvocationHelper.java:104)
	at org.testng.internal.Invoker.invokeConfigurationMethod(Invoker.java:515)
	at org.testng.internal.Invoker.invokeConfigurations(Invoker.java:217)
	at org.testng.internal.Invoker.invokeConfigurations(Invoker.java:144)
	at org.testng.SuiteRunner.privateRun(SuiteRunner.java:326)
	at org.testng.SuiteRunner.run(SuiteRunner.java:289)
	at org.testng.SuiteRunnerWorker.runSuite(SuiteRunnerWorker.java:52)
	at org.testng.SuiteRunnerWorker.run(SuiteRunnerWorker.java:86)
	at org.testng.TestNG.runSuitesSequentially(TestNG.java:1293)
	at org.testng.TestNG.runSuitesLocally(TestNG.java:1218)
	at org.testng.TestNG.runSuites(TestNG.java:1133)
	at org.testng.TestNG.run(TestNG.java:1104)
	at org.testng.remote.AbstractRemoteTestNG.run(AbstractRemoteTestNG.java:114)
	at org.testng.remote.RemoteTestNG.initAndRun(RemoteTestNG.java:251)
	at org.testng.remote.RemoteTestNG.main(RemoteTestNG.java:77)
]]>
    </error>
  </testcase> <!-- LoadRepository_and_OpenBrowser -->
</testsuite> <!-- com.agilebiz.purchase.PurchaseRequisitionTestScripts -->
