<?xml version="1.0" encoding="UTF-8"?>
<!-- Generated by org.testng.reporters.JUnitReportReporter -->
<testsuite name="com.agilebiz.login.LoginTestScripts" tests="3" time="0.000" ignored="0" failures="0" timestamp="01 Sep 2020 12:38:48 GMT" skipped="1" hostname="Virat-PC" errors="2">
  <testcase name="LoadRepository_and_OpenBrowser" time="0.000" classname="com.agilebiz.login.LoginTestScripts">
    <error type="org.openqa.selenium.SessionNotCreatedException" message="session not created: This version of ChromeDriver only supports Chrome version 80
Build info: version: &#039;3.141.59&#039;, revision: &#039;e82be7d358&#039;, time: &#039;2018-11-14T08:17:03&#039;
System info: host: &#039;VIRAT-PC&#039;, ip: &#039;192.168.137.1&#039;, os.name: &#039;Windows 10&#039;, os.arch: &#039;x86&#039;, os.version: &#039;10.0&#039;, java.version: &#039;1.8.0_74&#039;
Driver info: driver.version: ChromeDriver
remote stacktrace: Backtrace:
	Ordinal0 [0x00EC0C83+1707139]
	Ordinal0 [0x00E268F1+1075441]
	Ordinal0 [0x00D9DFC9+516041]
	Ordinal0 [0x00D30554+66900]
	Ordinal0 [0x00D2CCE2+52450]
	Ordinal0 [0x00D4BFD7+180183]
	Ordinal0 [0x00D4BDDD+179677]
	Ordinal0 [0x00D49D4B+171339]
	Ordinal0 [0x00D31D4A+73034]
	Ordinal0 [0x00D32DC0+77248]
	Ordinal0 [0x00D32D59+77145]
	Ordinal0 [0x00E3BB67+1162087]
	GetHandleVerifier [0x00F5A966+508998]
	GetHandleVerifier [0x00F5A6A4+508292]
	GetHandleVerifier [0x00F6F7B7+594583]
	GetHandleVerifier [0x00F5B1D6+511158]
	Ordinal0 [0x00E3402C+1130540]
	Ordinal0 [0x00E3D4CB+1168587]
	Ordinal0 [0x00E3D633+1168947]
	Ordinal0 [0x00E55B35+1268533]
	BaseThreadInitThunk [0x75556359+25]
	RtlGetAppContainerNamedObjectPath [0x77157A94+228]
	RtlGetAppContainerNamedObjectPath [0x77157A64+180]
">
      <![CDATA[org.openqa.selenium.SessionNotCreatedException: session not created: This version of ChromeDriver only supports Chrome version 80
Build info: version: '3.141.59', revision: 'e82be7d358', time: '2018-11-14T08:17:03'
System info: host: 'VIRAT-PC', ip: '192.168.137.1', os.name: 'Windows 10', os.arch: 'x86', os.version: '10.0', java.version: '1.8.0_74'
Driver info: driver.version: ChromeDriver
remote stacktrace: Backtrace:
	Ordinal0 [0x00EC0C83+1707139]
	Ordinal0 [0x00E268F1+1075441]
	Ordinal0 [0x00D9DFC9+516041]
	Ordinal0 [0x00D30554+66900]
	Ordinal0 [0x00D2CCE2+52450]
	Ordinal0 [0x00D4BFD7+180183]
	Ordinal0 [0x00D4BDDD+179677]
	Ordinal0 [0x00D49D4B+171339]
	Ordinal0 [0x00D31D4A+73034]
	Ordinal0 [0x00D32DC0+77248]
	Ordinal0 [0x00D32D59+77145]
	Ordinal0 [0x00E3BB67+1162087]
	GetHandleVerifier [0x00F5A966+508998]
	GetHandleVerifier [0x00F5A6A4+508292]
	GetHandleVerifier [0x00F6F7B7+594583]
	GetHandleVerifier [0x00F5B1D6+511158]
	Ordinal0 [0x00E3402C+1130540]
	Ordinal0 [0x00E3D4CB+1168587]
	Ordinal0 [0x00E3D633+1168947]
	Ordinal0 [0x00E55B35+1268533]
	BaseThreadInitThunk [0x75556359+25]
	RtlGetAppContainerNamedObjectPath [0x77157A94+228]
	RtlGetAppContainerNamedObjectPath [0x77157A64+180]

	at sun.reflect.NativeConstructorAccessorImpl.newInstance0(Native Method)
	at sun.reflect.NativeConstructorAccessorImpl.newInstance(NativeConstructorAccessorImpl.java:62)
	at sun.reflect.DelegatingConstructorAccessorImpl.newInstance(DelegatingConstructorAccessorImpl.java:45)
	at java.lang.reflect.Constructor.newInstance(Constructor.java:423)
	at org.openqa.selenium.remote.W3CHandshakeResponse.lambda$errorHandler$0(W3CHandshakeResponse.java:62)
	at org.openqa.selenium.remote.HandshakeResponse.lambda$getResponseFunction$0(HandshakeResponse.java:30)
	at org.openqa.selenium.remote.ProtocolHandshake.lambda$createSession$0(ProtocolHandshake.java:126)
	at java.util.stream.ReferencePipeline$3$1.accept(ReferencePipeline.java:193)
	at java.util.Spliterators$ArraySpliterator.tryAdvance(Spliterators.java:958)
	at java.util.stream.ReferencePipeline.forEachWithCancel(ReferencePipeline.java:126)
	at java.util.stream.AbstractPipeline.copyIntoWithCancel(AbstractPipeline.java:498)
	at java.util.stream.AbstractPipeline.copyInto(AbstractPipeline.java:485)
	at java.util.stream.AbstractPipeline.wrapAndCopyInto(AbstractPipeline.java:471)
	at java.util.stream.FindOps$FindOp.evaluateSequential(FindOps.java:152)
	at java.util.stream.AbstractPipeline.evaluate(AbstractPipeline.java:234)
	at java.util.stream.ReferencePipeline.findFirst(ReferencePipeline.java:464)
	at org.openqa.selenium.remote.ProtocolHandshake.createSession(ProtocolHandshake.java:128)
	at org.openqa.selenium.remote.ProtocolHandshake.createSession(ProtocolHandshake.java:74)
	at org.openqa.selenium.remote.HttpCommandExecutor.execute(HttpCommandExecutor.java:136)
	at org.openqa.selenium.remote.service.DriverCommandExecutor.execute(DriverCommandExecutor.java:83)
	at org.openqa.selenium.remote.RemoteWebDriver.execute(RemoteWebDriver.java:552)
	at org.openqa.selenium.remote.RemoteWebDriver.startSession(RemoteWebDriver.java:213)
	at org.openqa.selenium.remote.RemoteWebDriver.<init>(RemoteWebDriver.java:131)
	at org.openqa.selenium.chrome.ChromeDriver.<init>(ChromeDriver.java:181)
	at org.openqa.selenium.chrome.ChromeDriver.<init>(ChromeDriver.java:168)
	at org.openqa.selenium.chrome.ChromeDriver.<init>(ChromeDriver.java:123)
	at com.agilebiz.Utilities.GenericMethods.selectBrowser(GenericMethods.java:129)
	at com.agilebiz.Utilities.TestBase.LoadRepository_and_OpenBrowser(TestBase.java:32)
	at sun.reflect.NativeMethodAccessorImpl.invoke0(Native Method)
	at sun.reflect.NativeMethodAccessorImpl.invoke(NativeMethodAccessorImpl.java:62)
	at sun.reflect.DelegatingMethodAccessorImpl.invoke(DelegatingMethodAccessorImpl.java:43)
	at java.lang.reflect.Method.invoke(Method.java:498)
	at org.testng.internal.MethodInvocationHelper.invokeMethod(MethodInvocationHelper.java:104)
	at org.testng.internal.Invoker.invokeConfigurationMethod(Invoker.java:515)
	at org.testng.internal.Invoker.invokeConfigurations(Invoker.java:217)
	at org.testng.internal.Invoker.invokeConfigurations(Invoker.java:144)
	at org.testng.SuiteRunner.privateRun(SuiteRunner.java:326)
	at org.testng.SuiteRunner.run(SuiteRunner.java:289)
	at org.testng.SuiteRunnerWorker.runSuite(SuiteRunnerWorker.java:52)
	at org.testng.SuiteRunnerWorker.run(SuiteRunnerWorker.java:86)
	at org.testng.TestNG.runSuitesSequentially(TestNG.java:1293)
	at org.testng.TestNG.runSuitesLocally(TestNG.java:1218)
	at org.testng.TestNG.runSuites(TestNG.java:1133)
	at org.testng.TestNG.run(TestNG.java:1104)
	at org.testng.remote.AbstractRemoteTestNG.run(AbstractRemoteTestNG.java:114)
	at org.testng.remote.RemoteTestNG.initAndRun(RemoteTestNG.java:251)
	at org.testng.remote.RemoteTestNG.main(RemoteTestNG.java:77)
]]>
    </error>
  </testcase> <!-- LoadRepository_and_OpenBrowser -->
  <testcase name="endTest" time="0.000" classname="com.agilebiz.login.LoginTestScripts">
    <error type="java.lang.NullPointerException">
      <![CDATA[java.lang.NullPointerException
	at com.agilebiz.Utilities.GenericMethods.endTest(GenericMethods.java:1029)
	at sun.reflect.NativeMethodAccessorImpl.invoke0(Native Method)
	at sun.reflect.NativeMethodAccessorImpl.invoke(NativeMethodAccessorImpl.java:62)
	at sun.reflect.DelegatingMethodAccessorImpl.invoke(DelegatingMethodAccessorImpl.java:43)
	at java.lang.reflect.Method.invoke(Method.java:498)
	at org.testng.internal.MethodInvocationHelper.invokeMethod(MethodInvocationHelper.java:104)
	at org.testng.internal.Invoker.invokeConfigurationMethod(Invoker.java:515)
	at org.testng.internal.Invoker.invokeConfigurations(Invoker.java:217)
	at org.testng.internal.Invoker.invokeConfigurations(Invoker.java:144)
	at org.testng.SuiteRunner.privateRun(SuiteRunner.java:357)
	at org.testng.SuiteRunner.run(SuiteRunner.java:289)
	at org.testng.SuiteRunnerWorker.runSuite(SuiteRunnerWorker.java:52)
	at org.testng.SuiteRunnerWorker.run(SuiteRunnerWorker.java:86)
	at org.testng.TestNG.runSuitesSequentially(TestNG.java:1293)
	at org.testng.TestNG.runSuitesLocally(TestNG.java:1218)
	at org.testng.TestNG.runSuites(TestNG.java:1133)
	at org.testng.TestNG.run(TestNG.java:1104)
	at org.testng.remote.AbstractRemoteTestNG.run(AbstractRemoteTestNG.java:114)
	at org.testng.remote.RemoteTestNG.initAndRun(RemoteTestNG.java:251)
	at org.testng.remote.RemoteTestNG.main(RemoteTestNG.java:77)
]]>
    </error>
  </testcase> <!-- endTest -->
  <testcase name="LoginTest" time="0.000" classname="com.agilebiz.login.LoginTestScripts">
    <skipped/>
  </testcase> <!-- LoginTest -->
</testsuite> <!-- com.agilebiz.login.LoginTestScripts -->
