<?xml version="1.0" encoding="UTF-8"?>
<!-- Generated by org.testng.reporters.JUnitXMLReporter -->
<testsuite hostname="Virat-PC" ignored="18" name="Sales Test Suite" tests="43" failures="12" timestamp="27 Feb 2020 09:12:13 GMT" time="3675.684" errors="0">
  <testcase name="LoginTest" time="6.862" classname="com.agilebiz.login.LoginTestScripts"/>
  <testcase name="salesOrder" time="159.339" classname="com.agilebiz.Sales.SalesOrderScripts"/>
  <testcase name="salesOrder" time="151.448" classname="com.agilebiz.Sales.SalesOrderScripts"/>
  <testcase name="salesOrder" time="152.644" classname="com.agilebiz.Sales.SalesOrderScripts"/>
  <testcase name="salesOrder" time="151.925" classname="com.agilebiz.Sales.SalesOrderScripts"/>
  <testcase name="salesOrder" time="157.2" classname="com.agilebiz.Sales.SalesOrderScripts"/>
  <testcase name="salesOrder" time="157.001" classname="com.agilebiz.Sales.SalesOrderScripts"/>
  <testcase name="salesOrder" time="154.034" classname="com.agilebiz.Sales.SalesOrderScripts"/>
  <testcase name="salesDeliveryChallan" time="73.401" classname="com.agilebiz.Sales.SalesDeliveryChallanScripts"/>
  <testcase name="salesDeliveryChallan" time="71.592" classname="com.agilebiz.Sales.SalesDeliveryChallanScripts"/>
  <testcase name="salesDeliveryChallan" time="71.169" classname="com.agilebiz.Sales.SalesDeliveryChallanScripts"/>
  <testcase name="salesDeliveryChallan" time="71.336" classname="com.agilebiz.Sales.SalesDeliveryChallanScripts"/>
  <testcase name="salesDeliveryChallan" time="71.295" classname="com.agilebiz.Sales.SalesDeliveryChallanScripts"/>
  <testcase name="salesDeliveryChallan" time="71.67" classname="com.agilebiz.Sales.SalesDeliveryChallanScripts"/>
  <testcase name="salesDeliveryChallan" time="71.456" classname="com.agilebiz.Sales.SalesDeliveryChallanScripts"/>
  <testcase name="salesInvoice" time="33.459" classname="com.agilebiz.Sales.SalesInvoiceScripts"/>
  <testcase name="salesInvoice" time="31.454" classname="com.agilebiz.Sales.SalesInvoiceScripts"/>
  <testcase name="salesInvoice" time="30.568" classname="com.agilebiz.Sales.SalesInvoiceScripts"/>
  <testcase name="salesInvoice" time="31.357" classname="com.agilebiz.Sales.SalesInvoiceScripts"/>
  <testcase name="salesInvoice" time="31.046" classname="com.agilebiz.Sales.SalesInvoiceScripts"/>
  <testcase name="salesInvoice" time="31.199" classname="com.agilebiz.Sales.SalesInvoiceScripts"/>
  <testcase name="salesInvoice" time="30.439" classname="com.agilebiz.Sales.SalesInvoiceScripts"/>
  <testcase name="salesReturn" time="89.908" classname="com.agilebiz.Sales.SalesReturnScripts"/>
  <testcase name="salesReturn" time="87.751" classname="com.agilebiz.Sales.SalesReturnScripts"/>
  <testcase name="salesReturn" time="87.909" classname="com.agilebiz.Sales.SalesReturnScripts"/>
  <testcase name="salesReturn" time="87.512" classname="com.agilebiz.Sales.SalesReturnScripts"/>
  <testcase name="salesReturn" time="87.02" classname="com.agilebiz.Sales.SalesReturnScripts"/>
  <testcase name="salesReturn" time="87.061" classname="com.agilebiz.Sales.SalesReturnScripts"/>
  <testcase name="salesReturn" time="87.415" classname="com.agilebiz.Sales.SalesReturnScripts"/>
  <testcase name="directSales" time="144.473" classname="com.agilebiz.Sales.DirectSalesScripts"/>
  <testcase name="directSales" time="137.894" classname="com.agilebiz.Sales.DirectSalesScripts">
    <failure type="java.lang.AssertionError" message="expected [true] but found [false]">
      <![CDATA[java.lang.AssertionError: expected [true] but found [false]
	at com.agilebiz.Sales.DirectSalesScripts.directSales(DirectSalesScripts.java:99)
... Removed 31 stack frames]]>
    </failure>
  </testcase> <!-- directSales -->
  <testcase name="directSales" time="139.133" classname="com.agilebiz.Sales.DirectSalesScripts">
    <failure type="java.lang.AssertionError" message="expected [true] but found [false]">
      <![CDATA[java.lang.AssertionError: expected [true] but found [false]
	at com.agilebiz.Sales.DirectSalesScripts.directSales(DirectSalesScripts.java:99)
... Removed 31 stack frames]]>
    </failure>
  </testcase> <!-- directSales -->
  <testcase name="directSales" time="138.451" classname="com.agilebiz.Sales.DirectSalesScripts">
    <failure type="java.lang.AssertionError" message="expected [true] but found [false]">
      <![CDATA[java.lang.AssertionError: expected [true] but found [false]
	at com.agilebiz.Sales.DirectSalesScripts.directSales(DirectSalesScripts.java:99)
... Removed 31 stack frames]]>
    </failure>
  </testcase> <!-- directSales -->
  <testcase name="directSales" time="141.625" classname="com.agilebiz.Sales.DirectSalesScripts">
    <failure type="java.lang.AssertionError" message="expected [true] but found [false]">
      <![CDATA[java.lang.AssertionError: expected [true] but found [false]
	at com.agilebiz.Sales.DirectSalesScripts.directSales(DirectSalesScripts.java:99)
... Removed 31 stack frames]]>
    </failure>
  </testcase> <!-- directSales -->
  <testcase name="directSales" time="141.778" classname="com.agilebiz.Sales.DirectSalesScripts">
    <failure type="java.lang.AssertionError" message="expected [true] but found [false]">
      <![CDATA[java.lang.AssertionError: expected [true] but found [false]
	at com.agilebiz.Sales.DirectSalesScripts.directSales(DirectSalesScripts.java:99)
... Removed 31 stack frames]]>
    </failure>
  </testcase> <!-- directSales -->
  <testcase name="directSales" time="140.687" classname="com.agilebiz.Sales.DirectSalesScripts">
    <failure type="java.lang.AssertionError" message="expected [true] but found [false]">
      <![CDATA[java.lang.AssertionError: expected [true] but found [false]
	at com.agilebiz.Sales.DirectSalesScripts.directSales(DirectSalesScripts.java:99)
... Removed 31 stack frames]]>
    </failure>
  </testcase> <!-- directSales -->
  <testcase name="directSalesReturn" time="85.67" classname="com.agilebiz.Sales.DirectSalesReturnScripts"/>
  <testcase name="directSalesReturn" time="22.173" classname="com.agilebiz.Sales.DirectSalesReturnScripts">
    <failure type="java.lang.AssertionError" message="Oops! Values cannot be validated/entered from Fillgrid expected [true] but found [false]">
      <![CDATA[java.lang.AssertionError: Oops! Values cannot be validated/entered from Fillgrid expected [true] but found [false]
	at com.agilebiz.Sales.DirectSalesReturnScripts.directSalesReturn(DirectSalesReturnScripts.java:57)
... Removed 30 stack frames]]>
    </failure>
  </testcase> <!-- directSalesReturn -->
  <testcase name="directSalesReturn" time="37.175" classname="com.agilebiz.Sales.DirectSalesReturnScripts">
    <failure type="java.lang.AssertionError" message="Values cannot be matched expected [2] but found [1]">
      <![CDATA[java.lang.AssertionError: Values cannot be matched expected [2] but found [1]
	at com.agilebiz.Utilities.GenericMethods.addrecordingrid(GenericMethods.java:819)
	at com.agilebiz.Pages.Sales.DirectSalesReturn.validateandsetFillgridItem(DirectSalesReturn.java:119)
	at com.agilebiz.Sales.DirectSalesReturnScripts.directSalesReturn(DirectSalesReturnScripts.java:57)
... Removed 30 stack frames]]>
    </failure>
  </testcase> <!-- directSalesReturn -->
  <testcase name="directSalesReturn" time="29.365" classname="com.agilebiz.Sales.DirectSalesReturnScripts">
    <failure type="java.lang.AssertionError" message="value cannot be matched expected [ACER LAPTOP  WHITE] but found [APPLE MOBILE JJJ]">
      <![CDATA[java.lang.AssertionError: value cannot be matched expected [ACER LAPTOP  WHITE] but found [APPLE MOBILE JJJ]
	at com.agilebiz.Utilities.GenericMethods.addrecordingrid(GenericMethods.java:837)
	at com.agilebiz.Pages.Sales.DirectSalesReturn.validateandsetFillgridItem(DirectSalesReturn.java:119)
	at com.agilebiz.Sales.DirectSalesReturnScripts.directSalesReturn(DirectSalesReturnScripts.java:57)
... Removed 30 stack frames]]>
    </failure>
  </testcase> <!-- directSalesReturn -->
  <testcase name="directSalesReturn" time="25.421" classname="com.agilebiz.Sales.DirectSalesReturnScripts">
    <failure type="java.lang.AssertionError" message="Oops! Values cannot be validated/entered from Fillgrid expected [true] but found [false]">
      <![CDATA[java.lang.AssertionError: Oops! Values cannot be validated/entered from Fillgrid expected [true] but found [false]
	at com.agilebiz.Sales.DirectSalesReturnScripts.directSalesReturn(DirectSalesReturnScripts.java:57)
... Removed 30 stack frames]]>
    </failure>
  </testcase> <!-- directSalesReturn -->
  <testcase name="directSalesReturn" time="30.183" classname="com.agilebiz.Sales.DirectSalesReturnScripts">
    <failure type="java.lang.AssertionError" message="value cannot be matched expected [ACER LAPTOP  WHITE] but found [APPLE MOBILE JJJ]">
      <![CDATA[java.lang.AssertionError: value cannot be matched expected [ACER LAPTOP  WHITE] but found [APPLE MOBILE JJJ]
	at com.agilebiz.Utilities.GenericMethods.addrecordingrid(GenericMethods.java:837)
	at com.agilebiz.Pages.Sales.DirectSalesReturn.validateandsetFillgridItem(DirectSalesReturn.java:119)
	at com.agilebiz.Sales.DirectSalesReturnScripts.directSalesReturn(DirectSalesReturnScripts.java:57)
... Removed 30 stack frames]]>
    </failure>
  </testcase> <!-- directSalesReturn -->
  <testcase name="directSalesReturn" time="28.754" classname="com.agilebiz.Sales.DirectSalesReturnScripts">
    <failure type="java.lang.AssertionError" message="value cannot be matched expected [ACER LAPTOP  WHITE] but found [APPLE MOBILE JJJ]">
      <![CDATA[java.lang.AssertionError: value cannot be matched expected [ACER LAPTOP  WHITE] but found [APPLE MOBILE JJJ]
	at com.agilebiz.Utilities.GenericMethods.addrecordingrid(GenericMethods.java:837)
	at com.agilebiz.Pages.Sales.DirectSalesReturn.validateandsetFillgridItem(DirectSalesReturn.java:119)
	at com.agilebiz.Sales.DirectSalesReturnScripts.directSalesReturn(DirectSalesReturnScripts.java:57)
... Removed 30 stack frames]]>
    </failure>
  </testcase> <!-- directSalesReturn -->
  <testcase name="LoginTest" time="0.0" classname="com.agilebiz.Sales.DirectSalesScripts">
    <ignored/>
  </testcase> <!-- LoginTest -->
  <testcase name="LoginTest" time="0.0" classname="com.agilebiz.Sales.SalesOrderScripts">
    <ignored/>
  </testcase> <!-- LoginTest -->
  <testcase name="LoginTest" time="0.0" classname="com.agilebiz.Sales.SalesInvoiceScripts">
    <ignored/>
  </testcase> <!-- LoginTest -->
  <testcase name="LoginTest" time="0.0" classname="com.agilebiz.Sales.SalesReturnScripts">
    <ignored/>
  </testcase> <!-- LoginTest -->
  <testcase name="@AfterSuite endTest" time="0.0" classname="com.agilebiz.Utilities.GenericMethods">
    <ignored/>
  </testcase> <!-- @AfterSuite endTest -->
  <testcase name="@AfterSuite endTest" time="0.0" classname="com.agilebiz.Utilities.GenericMethods">
    <ignored/>
  </testcase> <!-- @AfterSuite endTest -->
  <testcase name="@AfterSuite endTest" time="0.0" classname="com.agilebiz.Utilities.GenericMethods">
    <ignored/>
  </testcase> <!-- @AfterSuite endTest -->
  <testcase name="@AfterSuite endTest" time="0.0" classname="com.agilebiz.Utilities.GenericMethods">
    <ignored/>
  </testcase> <!-- @AfterSuite endTest -->
  <testcase name="@AfterSuite endTest" time="0.0" classname="com.agilebiz.Utilities.GenericMethods">
    <ignored/>
  </testcase> <!-- @AfterSuite endTest -->
  <testcase name="@AfterSuite endTest" time="0.0" classname="com.agilebiz.Utilities.GenericMethods">
    <ignored/>
  </testcase> <!-- @AfterSuite endTest -->
  <testcase name="LoginTest" time="0.0" classname="com.agilebiz.Sales.DirectSalesReturnScripts">
    <ignored/>
  </testcase> <!-- LoginTest -->
  <testcase name="@BeforeSuite LoadRepository_and_OpenBrowser" time="0.0" classname="com.agilebiz.Utilities.TestBase">
    <ignored/>
  </testcase> <!-- @BeforeSuite LoadRepository_and_OpenBrowser -->
  <testcase name="@BeforeSuite LoadRepository_and_OpenBrowser" time="0.0" classname="com.agilebiz.Utilities.TestBase">
    <ignored/>
  </testcase> <!-- @BeforeSuite LoadRepository_and_OpenBrowser -->
  <testcase name="@BeforeSuite LoadRepository_and_OpenBrowser" time="0.0" classname="com.agilebiz.Utilities.TestBase">
    <ignored/>
  </testcase> <!-- @BeforeSuite LoadRepository_and_OpenBrowser -->
  <testcase name="@BeforeSuite LoadRepository_and_OpenBrowser" time="0.0" classname="com.agilebiz.Utilities.TestBase">
    <ignored/>
  </testcase> <!-- @BeforeSuite LoadRepository_and_OpenBrowser -->
  <testcase name="@BeforeSuite LoadRepository_and_OpenBrowser" time="0.0" classname="com.agilebiz.Utilities.TestBase">
    <ignored/>
  </testcase> <!-- @BeforeSuite LoadRepository_and_OpenBrowser -->
  <testcase name="@BeforeSuite LoadRepository_and_OpenBrowser" time="0.0" classname="com.agilebiz.Utilities.TestBase">
    <ignored/>
  </testcase> <!-- @BeforeSuite LoadRepository_and_OpenBrowser -->
  <testcase name="LoginTest" time="0.0" classname="com.agilebiz.Sales.SalesDeliveryChallanScripts">
    <ignored/>
  </testcase> <!-- LoginTest -->
</testsuite> <!-- Sales Test Suite -->
