[RemoteTestNG] detected TestNG version 6.10.0
[TestNG] Running:
  C:\Users\virat.AGILELABS.000\AppData\Local\Temp\testng-eclipse--533758030\testng-customsuite.xml

Browser is CHROME
Starting ChromeDriver 80.0.3987.106 (f68069574609230cf9b635cd784cfb1bf81bb53a-refs/branch-heads/3987@{#882}) on port 7921
Only local connections are allowed.
Please protect ports used by ChromeDriver and related test frameworks to prevent access by malicious code.
[1587113082.683][WARNING]: Timed out connecting to Chrome, retrying...
Apr 17, 2020 2:14:45 PM org.openqa.selenium.remote.ProtocolHandshake createSession
INFO: Detected dialect: W3C
[1587113088.164][WARNING]: Timed out connecting to Chrome, retrying...
Before navigating to: 'http://localhost/AxpertWeb10.8'
[1587113096.297][SEVERE]: Timed out receiving message from renderer: 0.100
[1587113096.399][SEVERE]: Timed out receiving message from renderer: 0.100
[1587113097.552][SEVERE]: Timed out receiving message from renderer: 0.100
[1587113097.660][SEVERE]: Timed out receiving message from renderer: 0.100
[1587113097.763][SEVERE]: Timed out receiving message from renderer: 0.100
[1587113097.961][SEVERE]: Timed out receiving message from renderer: 0.100
[1587113098.169][SEVERE]: Timed out receiving message from renderer: 0.100
[1587113098.348][SEVERE]: Timed out receiving message from renderer: 0.100
[1587113098.452][SEVERE]: Timed out receiving message from renderer: 0.100
[1587113098.633][SEVERE]: Timed out receiving message from renderer: 0.100
[1587113099.406][SEVERE]: Timed out receiving message from renderer: 0.100
[1587113101.109][SEVERE]: Timed out receiving message from renderer: 0.100
[1587113101.393][SEVERE]: Timed out receiving message from renderer: 0.100
[1587113101.820][SEVERE]: Timed out receiving message from renderer: 0.100
Navigated to:'http://localhost/AxpertWeb10.8'
Trying to find Element By : By.xpath: //*[@id='axSelectProj']
Found Element By : By.xpath: //*[@id='axSelectProj']
Trying to find Element By : By.xpath: //*[@id='axSelectProj']
Found Element By : By.xpath: //*[@id='axSelectProj']
Trying to find Element By : By.xpath: //*[@id='Text1']
Found Element By : By.xpath: //*[@id='Text1']
Trying to find Element By : By.xpath: //*[@id='sw']
Found Element By : By.xpath: //*[@id='sw']
Trying to find Element By : By.xpath: //*[@id='btnSubmit']
Found Element By : By.xpath: //*[@id='btnSubmit']
Trying to click on: [[ChromeDriver: chrome on WINDOWS (b4b24064d85dafc06ac4b01eeb53de7a)] -> xpath: //*[@id='btnSubmit']]
Clicked on: [[ChromeDriver: chrome on WINDOWS (b4b24064d85dafc06ac4b01eeb53de7a)] -> xpath: //*[@id='btnSubmit']]
Trying to find Element By : By.xpath: //button[contains(text(),'Yes')]
Found Element By : By.xpath: //button[contains(text(),'Yes')]
Trying to find Element By : By.xpath: //button[contains(text(),'Yes')]
Found Element By : By.xpath: //button[contains(text(),'Yes')]
Trying to click on: [[ChromeDriver: chrome on WINDOWS (b4b24064d85dafc06ac4b01eeb53de7a)] -> xpath: //button[contains(text(),'Yes')]]
[1587113119.424][SEVERE]: Timed out receiving message from renderer: 0.100
[1587113128.658][SEVERE]: Timed out receiving message from renderer: 0.100
[1587113128.761][SEVERE]: Timed out receiving message from renderer: 0.100
[1587113128.874][SEVERE]: Timed out receiving message from renderer: 0.100
[1587113128.976][SEVERE]: Timed out receiving message from renderer: 0.100
[1587113129.080][SEVERE]: Timed out receiving message from renderer: 0.100
[1587113129.182][SEVERE]: Timed out receiving message from renderer: 0.100
[1587113129.284][SEVERE]: Timed out receiving message from renderer: 0.100
[1587113129.387][SEVERE]: Timed out receiving message from renderer: 0.100
[1587113129.488][SEVERE]: Timed out receiving message from renderer: 0.100
[1587113129.590][SEVERE]: Timed out receiving message from renderer: 0.100
[1587113129.692][SEVERE]: Timed out receiving message from renderer: 0.100
[1587113129.793][SEVERE]: Timed out receiving message from renderer: 0.100
[1587113129.895][SEVERE]: Timed out receiving message from renderer: 0.100
[1587113129.997][SEVERE]: Timed out receiving message from renderer: 0.100
[1587113130.098][SEVERE]: Timed out receiving message from renderer: 0.100
[1587113130.201][SEVERE]: Timed out receiving message from renderer: 0.100
Clicked on: [[ChromeDriver: chrome on WINDOWS (b4b24064d85dafc06ac4b01eeb53de7a)] -> xpath: //button[contains(text(),'Yes')]]
Trying to find Element By : By.xpath: //*[@id="axAppName"]
Found Element By : By.xpath: //*[@id="axAppName"]
Trying to find Element By : By.id: middle1
Found Element By : By.id: middle1
Trying to find Element By : By.xpath: //*[@id='hpbDsgnrcnvsWrapper']
Found Element By : By.xpath: //*[@id='hpbDsgnrcnvsWrapper']
trans1
HSR LAYOUT
INDIAN ENTERPRISE
30/11/2020
0
0

850000
0
850000
850000
0
0
0
0
850000
trans2
HSR LAYOUT
INDIAN ENTERPRISE
30/11/2020
100
100
F
850000
0
850000
850000
42500
200
0
0
892700
trans3
HSR LAYOUT
INDIAN ENTERPRISE
30/11/2020
100
100
T
1700000
0
1700000
1700000
85000
200
5
0
1785205
trans4
HSR LAYOUT
INDIAN ENTERPRISE
30/11/2020
100
0
T
2550000
0
2550000
2550000
306000
100
12
0
2856112
trans5
HSR LAYOUT
INDIAN ENTERPRISE
30/11/2020
0
100
T
850000
130000
720000
720000
0
100
0
0
720100
trans6
HSR LAYOUT
INDIAN ENTERPRISE
30/11/2020
100
0
F
1700000
80020
1619980
1619980
0
100
0
0
1620080
trans7
HSR LAYOUT
INDIAN ENTERPRISE
30/11/2020
0
0

1700000
90000
1610000
2460000
0
0
0
0
1610000
Trying to find Element By : By.xpath: //*[@class='loadingoverlay']
Found Element By : By.xpath: //*[@class='loadingoverlay']
Trying to find Element By : By.xpath: //i[@id='searchIcon']
Found Element By : By.xpath: //i[@id='searchIcon']
Trying to click on: [[ChromeDriver: chrome on WINDOWS (b4b24064d85dafc06ac4b01eeb53de7a)] -> xpath: //i[@id='searchIcon']]
Clicked on: [[ChromeDriver: chrome on WINDOWS (b4b24064d85dafc06ac4b01eeb53de7a)] -> xpath: //i[@id='searchIcon']]
Trying to find Element By : By.xpath: //*[@id="mainNewPageBody"]/div[1]/div[3]/div/div[1]/i
Found Element By : By.xpath: //*[@id="mainNewPageBody"]/div[1]/div[3]/div/div[1]/i
Trying to click on: [[ChromeDriver: chrome on WINDOWS (b4b24064d85dafc06ac4b01eeb53de7a)] -> xpath: //*[@id="mainNewPageBody"]/div[1]/div[3]/div/div[1]/i]
Clicked on: [[ChromeDriver: chrome on WINDOWS (b4b24064d85dafc06ac4b01eeb53de7a)] -> xpath: //*[@id="mainNewPageBody"]/div[1]/div[3]/div/div[1]/i]
Trying to find Element By : By.xpath: //*[@id="mainNewPageBody"]/div[1]/div[3]/div/div[1]/ul/li[3]/a
Found Element By : By.xpath: //*[@id="mainNewPageBody"]/div[1]/div[3]/div/div[1]/ul/li[3]/a
Trying to click on: [[ChromeDriver: chrome on WINDOWS (b4b24064d85dafc06ac4b01eeb53de7a)] -> xpath: //*[@id="mainNewPageBody"]/div[1]/div[3]/div/div[1]/ul/li[3]/a]
Clicked on: [[ChromeDriver: chrome on WINDOWS (b4b24064d85dafc06ac4b01eeb53de7a)] -> xpath: //*[@id="mainNewPageBody"]/div[1]/div[3]/div/div[1]/ul/li[3]/a]
Trying to find Element By : By.xpath: //input[@id='globalSearchinp']
Found Element By : By.xpath: //input[@id='globalSearchinp']
Trying to find Element By : By.xpath: //input[@id='globalSearchinp']
Found Element By : By.xpath: //input[@id='globalSearchinp']
Trying to find Element By : By.xpath: //*[@id="ui-id-1"]
Found Element By : By.xpath: //*[@id="ui-id-1"]
Trying to find Element By : By.xpath: //input[@id='globalSearchinp']
Found Element By : By.xpath: //input[@id='globalSearchinp']
Trying to find Element By : By.xpath: //*[@class='loadingoverlay']
Found Element By : By.xpath: //*[@class='loadingoverlay']
Trying to find Element By : By.xpath: //*[@class='loadingoverlay']
Found Element By : By.xpath: //*[@class='loadingoverlay']
Trying to find Element By : By.xpath: //*[@class='loadingoverlay']
Found Element By : By.xpath: //*[@class='loadingoverlay']
Trying to find Element By : By.xpath: //*[@class='loadingoverlay']
Found Element By : By.xpath: //*[@class='loadingoverlay']
Trying to find Element By : By.xpath: //*[@class='loadingoverlay']
Found Element By : By.xpath: //*[@class='loadingoverlay']
Trying to find Element By : By.xpath: //*[@class='loadingoverlay']
Found Element By : By.xpath: //*[@class='loadingoverlay']
Trying to find Element By : By.xpath: //*[@class='loadingoverlay']
Found Element By : By.xpath: //*[@class='loadingoverlay']
Trying to find Element By : By.xpath: //*[@class='loadingoverlay']
Exception occured: org.openqa.selenium.NoSuchElementException: no such element: Unable to locate element: {"method":"xpath","selector":"//*[@class='loadingoverlay']"}
  (Session info: chrome=80.0.3987.163)
For documentation on this error, please visit: https://www.seleniumhq.org/exceptions/no_such_element.html
Build info: version: '3.141.59', revision: 'e82be7d358', time: '2018-11-14T08:17:03'
System info: host: 'VIRAT-PC', ip: '192.168.1.4', os.name: 'Windows 10', os.arch: 'x86', os.version: '10.0', java.version: '1.8.0_74'
Driver info: org.openqa.selenium.chrome.ChromeDriver
Capabilities {acceptInsecureCerts: false, browserName: chrome, browserVersion: 80.0.3987.163, chrome: {chromedriverVersion: 80.0.3987.106 (f68069574609..., userDataDir: C:\Users\VIRATA~1.000\AppDa...}, goog:chromeOptions: {debuggerAddress: localhost:49448}, javascriptEnabled: true, networkConnectionEnabled: false, pageLoadStrategy: normal, platform: WINDOWS, platformName: WINDOWS, proxy: Proxy(), setWindowRect: true, strictFileInteractability: false, timeouts: {implicit: 0, pageLoad: 300000, script: 30000}, unhandledPromptBehavior: dismiss and notify}
Session ID: b4b24064d85dafc06ac4b01eeb53de7a
*** Element info: {Using=xpath, value=//*[@class='loadingoverlay']}
Trying to find Element By : By.id: middle1
Found Element By : By.id: middle1
Trying to find Element By : By.xpath: //*[@id="breadcrumb-panel"]/div[1]/span
Found Element By : By.xpath: //*[@id="breadcrumb-panel"]/div[1]/span
Trying to find Element By : By.xpath: //*[@id="breadcrumb-panel"]/div[1]/span
Found Element By : By.xpath: //*[@id="breadcrumb-panel"]/div[1]/span
Trying to find Element By : By.xpath: //*[@id="breadcrumb-panel"]/div[1]/span
Found Element By : By.xpath: //*[@id="breadcrumb-panel"]/div[1]/span
Trying to find Element By : By.xpath: //*[@id="branch000F1"]
Found Element By : By.xpath: //*[@id="branch000F1"]
Trying to find Element By : By.xpath: //*[@class='ui-menu ui-widget ui-widget-content ui-autocomplete ui-front']/li[@class='autoComFooter']
Found Element By : By.xpath: //*[@class='ui-menu ui-widget ui-widget-content ui-autocomplete ui-front']/li[@class='autoComFooter']
Trying to find Element By : By.xpath: //*[@id="supplier000F1"]
Found Element By : By.xpath: //*[@id="supplier000F1"]
Trying to find Element By : By.xpath: //*[@class='ui-menu ui-widget ui-widget-content ui-autocomplete ui-front']/li[@class='autoComFooter']
Found Element By : By.xpath: //*[@class='ui-menu ui-widget ui-widget-content ui-autocomplete ui-front']/li[@class='autoComFooter']
Trying to find Element By : By.xpath: //*[@id="duedate000F1"]
Found Element By : By.xpath: //*[@id="duedate000F1"]
Trying to find Element By : By.xpath: //*[@id="hfreight000F1"]
Found Element By : By.xpath: //*[@id="hfreight000F1"]
Trying to find Element By : By.xpath: //*[@id="hinsurance000F1"]
Found Element By : By.xpath: //*[@id="hinsurance000F1"]
Trying to find Element By : By.xpath: //*[@id="itcapplicable000F1"]
Found Element By : By.xpath: //*[@id="itcapplicable000F1"]
Trying to find Element By : By.xpath: //table[@id='gridHd2']/tbody/tr[1]/td[1]/button[1]
Found Element By : By.xpath: //table[@id='gridHd2']/tbody/tr[1]/td[1]/button[1]
Trying to click on: [[ChromeDriver: chrome on WINDOWS (b4b24064d85dafc06ac4b01eeb53de7a)] -> xpath: //table[@id='gridHd2']/tbody/tr[1]/td[1]/button[1]]
Clicked on: [[ChromeDriver: chrome on WINDOWS (b4b24064d85dafc06ac4b01eeb53de7a)] -> xpath: //table[@id='gridHd2']/tbody/tr[1]/td[1]/button[1]]
DIRECT
Trying to find Element By : By.xpath: //*[@id='prno001F2']
Found Element By : By.xpath: //*[@id='prno001F2']
Trying to click on: [[ChromeDriver: chrome on WINDOWS (b4b24064d85dafc06ac4b01eeb53de7a)] -> xpath: //*[@id='prno001F2']]
Clicked on: [[ChromeDriver: chrome on WINDOWS (b4b24064d85dafc06ac4b01eeb53de7a)] -> xpath: //*[@id='prno001F2']]
Trying to find Element By : By.xpath: //*[@class='ui-menu ui-widget ui-widget-content ui-autocomplete ui-front']/li[@class='autoComFooter']
Exception occured: org.openqa.selenium.NoSuchElementException: no such element: Unable to locate element: {"method":"xpath","selector":"//*[@class='ui-menu ui-widget ui-widget-content ui-autocomplete ui-front']/li[@class='autoComFooter']"}
  (Session info: chrome=80.0.3987.163)
For documentation on this error, please visit: https://www.seleniumhq.org/exceptions/no_such_element.html
Build info: version: '3.141.59', revision: 'e82be7d358', time: '2018-11-14T08:17:03'
System info: host: 'VIRAT-PC', ip: '192.168.1.4', os.name: 'Windows 10', os.arch: 'x86', os.version: '10.0', java.version: '1.8.0_74'
Driver info: org.openqa.selenium.chrome.ChromeDriver
Capabilities {acceptInsecureCerts: false, browserName: chrome, browserVersion: 80.0.3987.163, chrome: {chromedriverVersion: 80.0.3987.106 (f68069574609..., userDataDir: C:\Users\VIRATA~1.000\AppDa...}, goog:chromeOptions: {debuggerAddress: localhost:49448}, javascriptEnabled: true, networkConnectionEnabled: false, pageLoadStrategy: normal, platform: WINDOWS, platformName: WINDOWS, proxy: Proxy(), setWindowRect: true, strictFileInteractability: false, timeouts: {implicit: 0, pageLoad: 300000, script: 30000}, unhandledPromptBehavior: dismiss and notify}
Session ID: b4b24064d85dafc06ac4b01eeb53de7a
*** Element info: {Using=xpath, value=//*[@class='ui-menu ui-widget ui-widget-content ui-autocomplete ui-front']/li[@class='autoComFooter']}
org.openqa.selenium.NoSuchElementException: no such element: Unable to locate element: {"method":"xpath","selector":"//*[@class='ui-menu ui-widget ui-widget-content ui-autocomplete ui-front']/li[@class='autoComFooter']"}
  (Session info: chrome=80.0.3987.163)
For documentation on this error, please visit: https://www.seleniumhq.org/exceptions/no_such_element.html
Build info: version: '3.141.59', revision: 'e82be7d358', time: '2018-11-14T08:17:03'
System info: host: 'VIRAT-PC', ip: '192.168.1.4', os.name: 'Windows 10', os.arch: 'x86', os.version: '10.0', java.version: '1.8.0_74'
Driver info: org.openqa.selenium.chrome.ChromeDriver
Capabilities {acceptInsecureCerts: false, browserName: chrome, browserVersion: 80.0.3987.163, chrome: {chromedriverVersion: 80.0.3987.106 (f68069574609..., userDataDir: C:\Users\VIRATA~1.000\AppDa...}, goog:chromeOptions: {debuggerAddress: localhost:49448}, javascriptEnabled: true, networkConnectionEnabled: false, pageLoadStrategy: normal, platform: WINDOWS, platformName: WINDOWS, proxy: Proxy(), setWindowRect: true, strictFileInteractability: false, timeouts: {implicit: 0, pageLoad: 300000, script: 30000}, unhandledPromptBehavior: dismiss and notify}
Session ID: b4b24064d85dafc06ac4b01eeb53de7a
*** Element info: {Using=xpath, value=//*[@class='ui-menu ui-widget ui-widget-content ui-autocomplete ui-front']/li[@class='autoComFooter']}
	at sun.reflect.NativeConstructorAccessorImpl.newInstance0(Native Method)
	at sun.reflect.NativeConstructorAccessorImpl.newInstance(NativeConstructorAccessorImpl.java:62)
	at sun.reflect.DelegatingConstructorAccessorImpl.newInstance(DelegatingConstructorAccessorImpl.java:45)
	at java.lang.reflect.Constructor.newInstance(Constructor.java:423)
	at org.openqa.selenium.remote.http.W3CHttpResponseCodec.createException(W3CHttpResponseCodec.java:187)
	at org.openqa.selenium.remote.http.W3CHttpResponseCodec.decode(W3CHttpResponseCodec.java:122)
	at org.openqa.selenium.remote.http.W3CHttpResponseCodec.decode(W3CHttpResponseCodec.java:49)
	at org.openqa.selenium.remote.HttpCommandExecutor.execute(HttpCommandExecutor.java:158)
	at org.openqa.selenium.remote.service.DriverCommandExecutor.execute(DriverCommandExecutor.java:83)
	at org.openqa.selenium.remote.RemoteWebDriver.execute(RemoteWebDriver.java:552)
	at org.openqa.selenium.remote.RemoteWebDriver.findElement(RemoteWebDriver.java:323)
	at org.openqa.selenium.remote.RemoteWebDriver.findElementByXPath(RemoteWebDriver.java:428)
	at org.openqa.selenium.By$ByXPath.findElement(By.java:353)
	at org.openqa.selenium.remote.RemoteWebDriver.findElement(RemoteWebDriver.java:315)
	at sun.reflect.GeneratedMethodAccessor4.invoke(Unknown Source)
	at sun.reflect.DelegatingMethodAccessorImpl.invoke(DelegatingMethodAccessorImpl.java:43)
	at java.lang.reflect.Method.invoke(Method.java:498)
	at org.openqa.selenium.support.events.EventFiringWebDriver.lambda$new$1(EventFiringWebDriver.java:105)
	at com.sun.proxy.$Proxy10.findElement(Unknown Source)
	at org.openqa.selenium.support.events.EventFiringWebDriver.findElement(EventFiringWebDriver.java:194)
	at com.agilebiz.Utilities.GenericMethods.getLocator(GenericMethods.java:641)
	at com.agilebiz.Utilities.GenericMethods.getWebElement(GenericMethods.java:680)
	at com.agilebiz.Utilities.GenericMethods.addrecordingrid(GenericMethods.java:783)
	at com.agilebiz.Pages.purchase.PurchaseOrder.itemDetailsGrid(PurchaseOrder.java:155)
	at com.agilebiz.purchase.PurchaseOrderScripts.PurchaseorderWithItemAndExpense(PurchaseOrderScripts.java:85)
	at sun.reflect.NativeMethodAccessorImpl.invoke0(Native Method)
	at sun.reflect.NativeMethodAccessorImpl.invoke(NativeMethodAccessorImpl.java:62)
	at sun.reflect.DelegatingMethodAccessorImpl.invoke(DelegatingMethodAccessorImpl.java:43)
	at java.lang.reflect.Method.invoke(Method.java:498)
	at org.testng.internal.MethodInvocationHelper.invokeMethod(MethodInvocationHelper.java:104)
	at org.testng.internal.Invoker.invokeMethod(Invoker.java:645)
	at org.testng.internal.Invoker.invokeTestMethod(Invoker.java:851)
	at org.testng.internal.Invoker.invokeTestMethods(Invoker.java:1177)
	at org.testng.internal.TestMethodWorker.invokeTestMethods(TestMethodWorker.java:129)
	at org.testng.internal.TestMethodWorker.run(TestMethodWorker.java:112)
	at org.testng.TestRunner.privateRun(TestRunner.java:756)
	at org.testng.TestRunner.run(TestRunner.java:610)
	at org.testng.SuiteRunner.runTest(SuiteRunner.java:387)
	at org.testng.SuiteRunner.runSequentially(SuiteRunner.java:382)
	at org.testng.SuiteRunner.privateRun(SuiteRunner.java:340)
	at org.testng.SuiteRunner.run(SuiteRunner.java:289)
	at org.testng.SuiteRunnerWorker.runSuite(SuiteRunnerWorker.java:52)
	at org.testng.SuiteRunnerWorker.run(SuiteRunnerWorker.java:86)
	at org.testng.TestNG.runSuitesSequentially(TestNG.java:1293)
	at org.testng.TestNG.runSuitesLocally(TestNG.java:1218)
	at org.testng.TestNG.runSuites(TestNG.java:1133)
	at org.testng.TestNG.run(TestNG.java:1104)
	at org.testng.remote.AbstractRemoteTestNG.run(AbstractRemoteTestNG.java:114)
	at org.testng.remote.RemoteTestNG.initAndRun(RemoteTestNG.java:251)
	at org.testng.remote.RemoteTestNG.main(RemoteTestNG.java:77)
Exception occured: org.openqa.selenium.WebDriverException: unknown error: cannot activate web view
  (Session info: chrome=80.0.3987.163)
Build info: version: '3.141.59', revision: 'e82be7d358', time: '2018-11-14T08:17:03'
System info: host: 'VIRAT-PC', ip: '192.168.1.4', os.name: 'Windows 10', os.arch: 'x86', os.version: '10.0', java.version: '1.8.0_74'
Driver info: org.openqa.selenium.chrome.ChromeDriver
Capabilities {acceptInsecureCerts: false, browserName: chrome, browserVersion: 80.0.3987.163, chrome: {chromedriverVersion: 80.0.3987.106 (f68069574609..., userDataDir: C:\Users\VIRATA~1.000\AppDa...}, goog:chromeOptions: {debuggerAddress: localhost:49448}, javascriptEnabled: true, networkConnectionEnabled: false, pageLoadStrategy: normal, platform: WINDOWS, platformName: WINDOWS, proxy: Proxy(), setWindowRect: true, strictFileInteractability: false, timeouts: {implicit: 0, pageLoad: 300000, script: 30000}, unhandledPromptBehavior: dismiss and notify}
Session ID: b4b24064d85dafc06ac4b01eeb53de7a
FAILED CONFIGURATION: @AfterMethod afterMethod([TestResult name=PurchaseorderWithItemAndExpense status=FAILURE method=PurchaseOrderScripts.PurchaseorderWithItemAndExpense(java.lang.String, java.lang.String, java.lang.String, java.lang.String, java.lang.String, java.lang.String, java.lang.String, java.lang.String, java.lang.String, java.lang.String, java.lang.String, java.lang.String, java.lang.String, java.lang.String, java.lang.String, java.lang.String)[pri:1, instance:com.agilebiz.purchase.PurchaseOrderScripts@12b503c] output={null}])
org.openqa.selenium.WebDriverException: unknown error: cannot activate web view
  (Session info: chrome=80.0.3987.163)
Build info: version: '3.141.59', revision: 'e82be7d358', time: '2018-11-14T08:17:03'
System info: host: 'VIRAT-PC', ip: '192.168.1.4', os.name: 'Windows 10', os.arch: 'x86', os.version: '10.0', java.version: '1.8.0_74'
Driver info: org.openqa.selenium.chrome.ChromeDriver
Capabilities {acceptInsecureCerts: false, browserName: chrome, browserVersion: 80.0.3987.163, chrome: {chromedriverVersion: 80.0.3987.106 (f68069574609..., userDataDir: C:\Users\VIRATA~1.000\AppDa...}, goog:chromeOptions: {debuggerAddress: localhost:49448}, javascriptEnabled: true, networkConnectionEnabled: false, pageLoadStrategy: normal, platform: WINDOWS, platformName: WINDOWS, proxy: Proxy(), setWindowRect: true, strictFileInteractability: false, timeouts: {implicit: 0, pageLoad: 300000, script: 30000}, unhandledPromptBehavior: dismiss and notify}
Session ID: b4b24064d85dafc06ac4b01eeb53de7a
	at sun.reflect.NativeConstructorAccessorImpl.newInstance0(Native Method)
	at sun.reflect.NativeConstructorAccessorImpl.newInstance(NativeConstructorAccessorImpl.java:62)
	at sun.reflect.DelegatingConstructorAccessorImpl.newInstance(DelegatingConstructorAccessorImpl.java:45)
	at java.lang.reflect.Constructor.newInstance(Constructor.java:423)
	at org.openqa.selenium.remote.http.W3CHttpResponseCodec.createException(W3CHttpResponseCodec.java:187)
	at org.openqa.selenium.remote.http.W3CHttpResponseCodec.decode(W3CHttpResponseCodec.java:122)
	at org.openqa.selenium.remote.http.W3CHttpResponseCodec.decode(W3CHttpResponseCodec.java:49)
	at org.openqa.selenium.remote.HttpCommandExecutor.execute(HttpCommandExecutor.java:158)
	at org.openqa.selenium.remote.service.DriverCommandExecutor.execute(DriverCommandExecutor.java:83)
	at org.openqa.selenium.remote.RemoteWebDriver.execute(RemoteWebDriver.java:552)
	at org.openqa.selenium.remote.RemoteWebDriver.execute(RemoteWebDriver.java:609)
	at org.openqa.selenium.remote.RemoteWebDriver.getScreenshotAs(RemoteWebDriver.java:295)
	at sun.reflect.NativeMethodAccessorImpl.invoke0(Native Method)
	at sun.reflect.NativeMethodAccessorImpl.invoke(NativeMethodAccessorImpl.java:62)
	at sun.reflect.DelegatingMethodAccessorImpl.invoke(DelegatingMethodAccessorImpl.java:43)
	at java.lang.reflect.Method.invoke(Method.java:498)
	at org.openqa.selenium.support.events.EventFiringWebDriver.lambda$new$1(EventFiringWebDriver.java:105)
	at com.sun.proxy.$Proxy10.getScreenshotAs(Unknown Source)
	at org.openqa.selenium.support.events.EventFiringWebDriver.getScreenshotAs(EventFiringWebDriver.java:302)
	at com.agilebiz.Utilities.GenericMethods.getScreenShot(GenericMethods.java:692)
	at com.agilebiz.Utilities.GenericMethods.getresult(GenericMethods.java:1007)
	at com.agilebiz.Utilities.GenericMethods.afterMethod(GenericMethods.java:1018)
	at sun.reflect.NativeMethodAccessorImpl.invoke0(Native Method)
	at sun.reflect.NativeMethodAccessorImpl.invoke(NativeMethodAccessorImpl.java:62)
	at sun.reflect.DelegatingMethodAccessorImpl.invoke(DelegatingMethodAccessorImpl.java:43)
	at java.lang.reflect.Method.invoke(Method.java:498)
	at org.testng.internal.MethodInvocationHelper.invokeMethod(MethodInvocationHelper.java:104)
	at org.testng.internal.Invoker.invokeConfigurationMethod(Invoker.java:515)
	at org.testng.internal.Invoker.invokeConfigurations(Invoker.java:217)
	at org.testng.internal.Invoker.invokeMethod(Invoker.java:712)
	at org.testng.internal.Invoker.invokeTestMethod(Invoker.java:851)
	at org.testng.internal.Invoker.invokeTestMethods(Invoker.java:1177)
	at org.testng.internal.TestMethodWorker.invokeTestMethods(TestMethodWorker.java:129)
	at org.testng.internal.TestMethodWorker.run(TestMethodWorker.java:112)
	at org.testng.TestRunner.privateRun(TestRunner.java:756)
	at org.testng.TestRunner.run(TestRunner.java:610)
	at org.testng.SuiteRunner.runTest(SuiteRunner.java:387)
	at org.testng.SuiteRunner.runSequentially(SuiteRunner.java:382)
	at org.testng.SuiteRunner.privateRun(SuiteRunner.java:340)
	at org.testng.SuiteRunner.run(SuiteRunner.java:289)
	at org.testng.SuiteRunnerWorker.runSuite(SuiteRunnerWorker.java:52)
	at org.testng.SuiteRunnerWorker.run(SuiteRunnerWorker.java:86)
	at org.testng.TestNG.runSuitesSequentially(TestNG.java:1293)
	at org.testng.TestNG.runSuitesLocally(TestNG.java:1218)
	at org.testng.TestNG.runSuites(TestNG.java:1133)
	at org.testng.TestNG.run(TestNG.java:1104)
	at org.testng.remote.AbstractRemoteTestNG.run(AbstractRemoteTestNG.java:114)
	at org.testng.remote.RemoteTestNG.initAndRun(RemoteTestNG.java:251)
	at org.testng.remote.RemoteTestNG.main(RemoteTestNG.java:77)

SKIPPED CONFIGURATION: @BeforeMethod beforeMethod
SKIPPED CONFIGURATION: @AfterMethod afterMethod
SKIPPED CONFIGURATION: @BeforeMethod beforeMethod
SKIPPED CONFIGURATION: @AfterMethod afterMethod
SKIPPED CONFIGURATION: @BeforeMethod beforeMethod
SKIPPED CONFIGURATION: @AfterMethod afterMethod
SKIPPED CONFIGURATION: @BeforeMethod beforeMethod
SKIPPED CONFIGURATION: @AfterMethod afterMethod
SKIPPED CONFIGURATION: @BeforeMethod beforeMethod
SKIPPED CONFIGURATION: @AfterMethod afterMethod
SKIPPED CONFIGURATION: @BeforeMethod beforeMethod
SKIPPED CONFIGURATION: @AfterMethod afterMethod
PASSED: LoginTest
FAILED: PurchaseorderWithItemAndExpense("trans1", "HSR LAYOUT", "INDIAN ENTERPRISE", "30/11/2020", "0", "0", "", "850000", "0", "850000", "850000", "0", "0", "0", "0", "850000")
java.lang.AssertionError: Oops! Item Details cannot be Entered expected [true] but found [false]
	at org.testng.Assert.fail(Assert.java:94)
	at org.testng.Assert.failNotEquals(Assert.java:513)
	at org.testng.Assert.assertEqualsImpl(Assert.java:135)
	at org.testng.Assert.assertEquals(Assert.java:116)
	at org.testng.Assert.assertEquals(Assert.java:305)
	at com.agilebiz.purchase.PurchaseOrderScripts.PurchaseorderWithItemAndExpense(PurchaseOrderScripts.java:85)
	at sun.reflect.NativeMethodAccessorImpl.invoke0(Native Method)
	at sun.reflect.NativeMethodAccessorImpl.invoke(NativeMethodAccessorImpl.java:62)
	at sun.reflect.DelegatingMethodAccessorImpl.invoke(DelegatingMethodAccessorImpl.java:43)
	at java.lang.reflect.Method.invoke(Method.java:498)
	at org.testng.internal.MethodInvocationHelper.invokeMethod(MethodInvocationHelper.java:104)
	at org.testng.internal.Invoker.invokeMethod(Invoker.java:645)
	at org.testng.internal.Invoker.invokeTestMethod(Invoker.java:851)
	at org.testng.internal.Invoker.invokeTestMethods(Invoker.java:1177)
	at org.testng.internal.TestMethodWorker.invokeTestMethods(TestMethodWorker.java:129)
	at org.testng.internal.TestMethodWorker.run(TestMethodWorker.java:112)
	at org.testng.TestRunner.privateRun(TestRunner.java:756)
	at org.testng.TestRunner.run(TestRunner.java:610)
	at org.testng.SuiteRunner.runTest(SuiteRunner.java:387)
	at org.testng.SuiteRunner.runSequentially(SuiteRunner.java:382)
	at org.testng.SuiteRunner.privateRun(SuiteRunner.java:340)
	at org.testng.SuiteRunner.run(SuiteRunner.java:289)
	at org.testng.SuiteRunnerWorker.runSuite(SuiteRunnerWorker.java:52)
	at org.testng.SuiteRunnerWorker.run(SuiteRunnerWorker.java:86)
	at org.testng.TestNG.runSuitesSequentially(TestNG.java:1293)
	at org.testng.TestNG.runSuitesLocally(TestNG.java:1218)
	at org.testng.TestNG.runSuites(TestNG.java:1133)
	at org.testng.TestNG.run(TestNG.java:1104)
	at org.testng.remote.AbstractRemoteTestNG.run(AbstractRemoteTestNG.java:114)
	at org.testng.remote.RemoteTestNG.initAndRun(RemoteTestNG.java:251)
	at org.testng.remote.RemoteTestNG.main(RemoteTestNG.java:77)

SKIPPED: PurchaseorderWithItemAndExpense("trans2", "HSR LAYOUT", "INDIAN ENTERPRISE", "30/11/2020", "100", "100", "F", "850000", "0", "850000", "850000", "42500", "200", "0", "0", "892700")
org.openqa.selenium.WebDriverException: unknown error: cannot activate web view
  (Session info: chrome=80.0.3987.163)
Build info: version: '3.141.59', revision: 'e82be7d358', time: '2018-11-14T08:17:03'
System info: host: 'VIRAT-PC', ip: '192.168.1.4', os.name: 'Windows 10', os.arch: 'x86', os.version: '10.0', java.version: '1.8.0_74'
Driver info: org.openqa.selenium.chrome.ChromeDriver
Capabilities {acceptInsecureCerts: false, browserName: chrome, browserVersion: 80.0.3987.163, chrome: {chromedriverVersion: 80.0.3987.106 (f68069574609..., userDataDir: C:\Users\VIRATA~1.000\AppDa...}, goog:chromeOptions: {debuggerAddress: localhost:49448}, javascriptEnabled: true, networkConnectionEnabled: false, pageLoadStrategy: normal, platform: WINDOWS, platformName: WINDOWS, proxy: Proxy(), setWindowRect: true, strictFileInteractability: false, timeouts: {implicit: 0, pageLoad: 300000, script: 30000}, unhandledPromptBehavior: dismiss and notify}
Session ID: b4b24064d85dafc06ac4b01eeb53de7a
	at sun.reflect.NativeConstructorAccessorImpl.newInstance0(Native Method)
	at sun.reflect.NativeConstructorAccessorImpl.newInstance(NativeConstructorAccessorImpl.java:62)
	at sun.reflect.DelegatingConstructorAccessorImpl.newInstance(DelegatingConstructorAccessorImpl.java:45)
	at java.lang.reflect.Constructor.newInstance(Constructor.java:423)
	at org.openqa.selenium.remote.http.W3CHttpResponseCodec.createException(W3CHttpResponseCodec.java:187)
	at org.openqa.selenium.remote.http.W3CHttpResponseCodec.decode(W3CHttpResponseCodec.java:122)
	at org.openqa.selenium.remote.http.W3CHttpResponseCodec.decode(W3CHttpResponseCodec.java:49)
	at org.openqa.selenium.remote.HttpCommandExecutor.execute(HttpCommandExecutor.java:158)
	at org.openqa.selenium.remote.service.DriverCommandExecutor.execute(DriverCommandExecutor.java:83)
	at org.openqa.selenium.remote.RemoteWebDriver.execute(RemoteWebDriver.java:552)
	at org.openqa.selenium.remote.RemoteWebDriver.execute(RemoteWebDriver.java:609)
	at org.openqa.selenium.remote.RemoteWebDriver.getScreenshotAs(RemoteWebDriver.java:295)
	at sun.reflect.NativeMethodAccessorImpl.invoke0(Native Method)
	at sun.reflect.NativeMethodAccessorImpl.invoke(NativeMethodAccessorImpl.java:62)
	at sun.reflect.DelegatingMethodAccessorImpl.invoke(DelegatingMethodAccessorImpl.java:43)
	at java.lang.reflect.Method.invoke(Method.java:498)
	at org.openqa.selenium.support.events.EventFiringWebDriver.lambda$new$1(EventFiringWebDriver.java:105)
	at com.sun.proxy.$Proxy10.getScreenshotAs(Unknown Source)
	at org.openqa.selenium.support.events.EventFiringWebDriver.getScreenshotAs(EventFiringWebDriver.java:302)
	at com.agilebiz.Utilities.GenericMethods.getScreenShot(GenericMethods.java:692)
	at com.agilebiz.Utilities.GenericMethods.getresult(GenericMethods.java:1007)
	at com.agilebiz.Utilities.GenericMethods.afterMethod(GenericMethods.java:1018)
	at sun.reflect.NativeMethodAccessorImpl.invoke0(Native Method)
	at sun.reflect.NativeMethodAccessorImpl.invoke(NativeMethodAccessorImpl.java:62)
	at sun.reflect.DelegatingMethodAccessorImpl.invoke(DelegatingMethodAccessorImpl.java:43)
	at java.lang.reflect.Method.invoke(Method.java:498)
	at org.testng.internal.MethodInvocationHelper.invokeMethod(MethodInvocationHelper.java:104)
	at org.testng.internal.Invoker.invokeConfigurationMethod(Invoker.java:515)
	at org.testng.internal.Invoker.invokeConfigurations(Invoker.java:217)
	at org.testng.internal.Invoker.invokeMethod(Invoker.java:712)
	at org.testng.internal.Invoker.invokeTestMethod(Invoker.java:851)
	at org.testng.internal.Invoker.invokeTestMethods(Invoker.java:1177)
	at org.testng.internal.TestMethodWorker.invokeTestMethods(TestMethodWorker.java:129)
	at org.testng.internal.TestMethodWorker.run(TestMethodWorker.java:112)
	at org.testng.TestRunner.privateRun(TestRunner.java:756)
	at org.testng.TestRunner.run(TestRunner.java:610)
	at org.testng.SuiteRunner.runTest(SuiteRunner.java:387)
	at org.testng.SuiteRunner.runSequentially(SuiteRunner.java:382)
	at org.testng.SuiteRunner.privateRun(SuiteRunner.java:340)
	at org.testng.SuiteRunner.run(SuiteRunner.java:289)
	at org.testng.SuiteRunnerWorker.runSuite(SuiteRunnerWorker.java:52)
	at org.testng.SuiteRunnerWorker.run(SuiteRunnerWorker.java:86)
	at org.testng.TestNG.runSuitesSequentially(TestNG.java:1293)
	at org.testng.TestNG.runSuitesLocally(TestNG.java:1218)
	at org.testng.TestNG.runSuites(TestNG.java:1133)
	at org.testng.TestNG.run(TestNG.java:1104)
	at org.testng.remote.AbstractRemoteTestNG.run(AbstractRemoteTestNG.java:114)
	at org.testng.remote.RemoteTestNG.initAndRun(RemoteTestNG.java:251)
	at org.testng.remote.RemoteTestNG.main(RemoteTestNG.java:77)

SKIPPED: PurchaseorderWithItemAndExpense("trans3", "HSR LAYOUT", "INDIAN ENTERPRISE", "30/11/2020", "100", "100", "T", "1700000", "0", "1700000", "1700000", "85000", "200", "5", "0", "1785205")
org.openqa.selenium.WebDriverException: unknown error: cannot activate web view
  (Session info: chrome=80.0.3987.163)
Build info: version: '3.141.59', revision: 'e82be7d358', time: '2018-11-14T08:17:03'
System info: host: 'VIRAT-PC', ip: '192.168.1.4', os.name: 'Windows 10', os.arch: 'x86', os.version: '10.0', java.version: '1.8.0_74'
Driver info: org.openqa.selenium.chrome.ChromeDriver
Capabilities {acceptInsecureCerts: false, browserName: chrome, browserVersion: 80.0.3987.163, chrome: {chromedriverVersion: 80.0.3987.106 (f68069574609..., userDataDir: C:\Users\VIRATA~1.000\AppDa...}, goog:chromeOptions: {debuggerAddress: localhost:49448}, javascriptEnabled: true, networkConnectionEnabled: false, pageLoadStrategy: normal, platform: WINDOWS, platformName: WINDOWS, proxy: Proxy(), setWindowRect: true, strictFileInteractability: false, timeouts: {implicit: 0, pageLoad: 300000, script: 30000}, unhandledPromptBehavior: dismiss and notify}
Session ID: b4b24064d85dafc06ac4b01eeb53de7a
	at sun.reflect.NativeConstructorAccessorImpl.newInstance0(Native Method)
	at sun.reflect.NativeConstructorAccessorImpl.newInstance(NativeConstructorAccessorImpl.java:62)
	at sun.reflect.DelegatingConstructorAccessorImpl.newInstance(DelegatingConstructorAccessorImpl.java:45)
	at java.lang.reflect.Constructor.newInstance(Constructor.java:423)
	at org.openqa.selenium.remote.http.W3CHttpResponseCodec.createException(W3CHttpResponseCodec.java:187)
	at org.openqa.selenium.remote.http.W3CHttpResponseCodec.decode(W3CHttpResponseCodec.java:122)
	at org.openqa.selenium.remote.http.W3CHttpResponseCodec.decode(W3CHttpResponseCodec.java:49)
	at org.openqa.selenium.remote.HttpCommandExecutor.execute(HttpCommandExecutor.java:158)
	at org.openqa.selenium.remote.service.DriverCommandExecutor.execute(DriverCommandExecutor.java:83)
	at org.openqa.selenium.remote.RemoteWebDriver.execute(RemoteWebDriver.java:552)
	at org.openqa.selenium.remote.RemoteWebDriver.execute(RemoteWebDriver.java:609)
	at org.openqa.selenium.remote.RemoteWebDriver.getScreenshotAs(RemoteWebDriver.java:295)
	at sun.reflect.NativeMethodAccessorImpl.invoke0(Native Method)
	at sun.reflect.NativeMethodAccessorImpl.invoke(NativeMethodAccessorImpl.java:62)
	at sun.reflect.DelegatingMethodAccessorImpl.invoke(DelegatingMethodAccessorImpl.java:43)
	at java.lang.reflect.Method.invoke(Method.java:498)
	at org.openqa.selenium.support.events.EventFiringWebDriver.lambda$new$1(EventFiringWebDriver.java:105)
	at com.sun.proxy.$Proxy10.getScreenshotAs(Unknown Source)
	at org.openqa.selenium.support.events.EventFiringWebDriver.getScreenshotAs(EventFiringWebDriver.java:302)
	at com.agilebiz.Utilities.GenericMethods.getScreenShot(GenericMethods.java:692)
	at com.agilebiz.Utilities.GenericMethods.getresult(GenericMethods.java:1007)
	at com.agilebiz.Utilities.GenericMethods.afterMethod(GenericMethods.java:1018)
	at sun.reflect.NativeMethodAccessorImpl.invoke0(Native Method)
	at sun.reflect.NativeMethodAccessorImpl.invoke(NativeMethodAccessorImpl.java:62)
	at sun.reflect.DelegatingMethodAccessorImpl.invoke(DelegatingMethodAccessorImpl.java:43)
	at java.lang.reflect.Method.invoke(Method.java:498)
	at org.testng.internal.MethodInvocationHelper.invokeMethod(MethodInvocationHelper.java:104)
	at org.testng.internal.Invoker.invokeConfigurationMethod(Invoker.java:515)
	at org.testng.internal.Invoker.invokeConfigurations(Invoker.java:217)
	at org.testng.internal.Invoker.invokeMethod(Invoker.java:712)
	at org.testng.internal.Invoker.invokeTestMethod(Invoker.java:851)
	at org.testng.internal.Invoker.invokeTestMethods(Invoker.java:1177)
	at org.testng.internal.TestMethodWorker.invokeTestMethods(TestMethodWorker.java:129)
	at org.testng.internal.TestMethodWorker.run(TestMethodWorker.java:112)
	at org.testng.TestRunner.privateRun(TestRunner.java:756)
	at org.testng.TestRunner.run(TestRunner.java:610)
	at org.testng.SuiteRunner.runTest(SuiteRunner.java:387)
	at org.testng.SuiteRunner.runSequentially(SuiteRunner.java:382)
	at org.testng.SuiteRunner.privateRun(SuiteRunner.java:340)
	at org.testng.SuiteRunner.run(SuiteRunner.java:289)
	at org.testng.SuiteRunnerWorker.runSuite(SuiteRunnerWorker.java:52)
	at org.testng.SuiteRunnerWorker.run(SuiteRunnerWorker.java:86)
	at org.testng.TestNG.runSuitesSequentially(TestNG.java:1293)
	at org.testng.TestNG.runSuitesLocally(TestNG.java:1218)
	at org.testng.TestNG.runSuites(TestNG.java:1133)
	at org.testng.TestNG.run(TestNG.java:1104)
	at org.testng.remote.AbstractRemoteTestNG.run(AbstractRemoteTestNG.java:114)
	at org.testng.remote.RemoteTestNG.initAndRun(RemoteTestNG.java:251)
	at org.testng.remote.RemoteTestNG.main(RemoteTestNG.java:77)

SKIPPED: PurchaseorderWithItemAndExpense("trans4", "HSR LAYOUT", "INDIAN ENTERPRISE", "30/11/2020", "100", "0", "T", "2550000", "0", "2550000", "2550000", "306000", "100", "12", "0", "2856112")
org.openqa.selenium.WebDriverException: unknown error: cannot activate web view
  (Session info: chrome=80.0.3987.163)
Build info: version: '3.141.59', revision: 'e82be7d358', time: '2018-11-14T08:17:03'
System info: host: 'VIRAT-PC', ip: '192.168.1.4', os.name: 'Windows 10', os.arch: 'x86', os.version: '10.0', java.version: '1.8.0_74'
Driver info: org.openqa.selenium.chrome.ChromeDriver
Capabilities {acceptInsecureCerts: false, browserName: chrome, browserVersion: 80.0.3987.163, chrome: {chromedriverVersion: 80.0.3987.106 (f68069574609..., userDataDir: C:\Users\VIRATA~1.000\AppDa...}, goog:chromeOptions: {debuggerAddress: localhost:49448}, javascriptEnabled: true, networkConnectionEnabled: false, pageLoadStrategy: normal, platform: WINDOWS, platformName: WINDOWS, proxy: Proxy(), setWindowRect: true, strictFileInteractability: false, timeouts: {implicit: 0, pageLoad: 300000, script: 30000}, unhandledPromptBehavior: dismiss and notify}
Session ID: b4b24064d85dafc06ac4b01eeb53de7a
	at sun.reflect.NativeConstructorAccessorImpl.newInstance0(Native Method)
	at sun.reflect.NativeConstructorAccessorImpl.newInstance(NativeConstructorAccessorImpl.java:62)
	at sun.reflect.DelegatingConstructorAccessorImpl.newInstance(DelegatingConstructorAccessorImpl.java:45)
	at java.lang.reflect.Constructor.newInstance(Constructor.java:423)
	at org.openqa.selenium.remote.http.W3CHttpResponseCodec.createException(W3CHttpResponseCodec.java:187)
	at org.openqa.selenium.remote.http.W3CHttpResponseCodec.decode(W3CHttpResponseCodec.java:122)
	at org.openqa.selenium.remote.http.W3CHttpResponseCodec.decode(W3CHttpResponseCodec.java:49)
	at org.openqa.selenium.remote.HttpCommandExecutor.execute(HttpCommandExecutor.java:158)
	at org.openqa.selenium.remote.service.DriverCommandExecutor.execute(DriverCommandExecutor.java:83)
	at org.openqa.selenium.remote.RemoteWebDriver.execute(RemoteWebDriver.java:552)
	at org.openqa.selenium.remote.RemoteWebDriver.execute(RemoteWebDriver.java:609)
	at org.openqa.selenium.remote.RemoteWebDriver.getScreenshotAs(RemoteWebDriver.java:295)
	at sun.reflect.NativeMethodAccessorImpl.invoke0(Native Method)
	at sun.reflect.NativeMethodAccessorImpl.invoke(NativeMethodAccessorImpl.java:62)
	at sun.reflect.DelegatingMethodAccessorImpl.invoke(DelegatingMethodAccessorImpl.java:43)
	at java.lang.reflect.Method.invoke(Method.java:498)
	at org.openqa.selenium.support.events.EventFiringWebDriver.lambda$new$1(EventFiringWebDriver.java:105)
	at com.sun.proxy.$Proxy10.getScreenshotAs(Unknown Source)
	at org.openqa.selenium.support.events.EventFiringWebDriver.getScreenshotAs(EventFiringWebDriver.java:302)
	at com.agilebiz.Utilities.GenericMethods.getScreenShot(GenericMethods.java:692)
	at com.agilebiz.Utilities.GenericMethods.getresult(GenericMethods.java:1007)
	at com.agilebiz.Utilities.GenericMethods.afterMethod(GenericMethods.java:1018)
	at sun.reflect.NativeMethodAccessorImpl.invoke0(Native Method)
	at sun.reflect.NativeMethodAccessorImpl.invoke(NativeMethodAccessorImpl.java:62)
	at sun.reflect.DelegatingMethodAccessorImpl.invoke(DelegatingMethodAccessorImpl.java:43)
	at java.lang.reflect.Method.invoke(Method.java:498)
	at org.testng.internal.MethodInvocationHelper.invokeMethod(MethodInvocationHelper.java:104)
	at org.testng.internal.Invoker.invokeConfigurationMethod(Invoker.java:515)
	at org.testng.internal.Invoker.invokeConfigurations(Invoker.java:217)
	at org.testng.internal.Invoker.invokeMethod(Invoker.java:712)
	at org.testng.internal.Invoker.invokeTestMethod(Invoker.java:851)
	at org.testng.internal.Invoker.invokeTestMethods(Invoker.java:1177)
	at org.testng.internal.TestMethodWorker.invokeTestMethods(TestMethodWorker.java:129)
	at org.testng.internal.TestMethodWorker.run(TestMethodWorker.java:112)
	at org.testng.TestRunner.privateRun(TestRunner.java:756)
	at org.testng.TestRunner.run(TestRunner.java:610)
	at org.testng.SuiteRunner.runTest(SuiteRunner.java:387)
	at org.testng.SuiteRunner.runSequentially(SuiteRunner.java:382)
	at org.testng.SuiteRunner.privateRun(SuiteRunner.java:340)
	at org.testng.SuiteRunner.run(SuiteRunner.java:289)
	at org.testng.SuiteRunnerWorker.runSuite(SuiteRunnerWorker.java:52)
	at org.testng.SuiteRunnerWorker.run(SuiteRunnerWorker.java:86)
	at org.testng.TestNG.runSuitesSequentially(TestNG.java:1293)
	at org.testng.TestNG.runSuitesLocally(TestNG.java:1218)
	at org.testng.TestNG.runSuites(TestNG.java:1133)
	at org.testng.TestNG.run(TestNG.java:1104)
	at org.testng.remote.AbstractRemoteTestNG.run(AbstractRemoteTestNG.java:114)
	at org.testng.remote.RemoteTestNG.initAndRun(RemoteTestNG.java:251)
	at org.testng.remote.RemoteTestNG.main(RemoteTestNG.java:77)

SKIPPED: PurchaseorderWithItemAndExpense("trans5", "HSR LAYOUT", "INDIAN ENTERPRISE", "30/11/2020", "0", "100", "T", "850000", "130000", "720000", "720000", "0", "100", "0", "0", "720100")
org.openqa.selenium.WebDriverException: unknown error: cannot activate web view
  (Session info: chrome=80.0.3987.163)
Build info: version: '3.141.59', revision: 'e82be7d358', time: '2018-11-14T08:17:03'
System info: host: 'VIRAT-PC', ip: '192.168.1.4', os.name: 'Windows 10', os.arch: 'x86', os.version: '10.0', java.version: '1.8.0_74'
Driver info: org.openqa.selenium.chrome.ChromeDriver
Capabilities {acceptInsecureCerts: false, browserName: chrome, browserVersion: 80.0.3987.163, chrome: {chromedriverVersion: 80.0.3987.106 (f68069574609..., userDataDir: C:\Users\VIRATA~1.000\AppDa...}, goog:chromeOptions: {debuggerAddress: localhost:49448}, javascriptEnabled: true, networkConnectionEnabled: false, pageLoadStrategy: normal, platform: WINDOWS, platformName: WINDOWS, proxy: Proxy(), setWindowRect: true, strictFileInteractability: false, timeouts: {implicit: 0, pageLoad: 300000, script: 30000}, unhandledPromptBehavior: dismiss and notify}
Session ID: b4b24064d85dafc06ac4b01eeb53de7a
	at sun.reflect.NativeConstructorAccessorImpl.newInstance0(Native Method)
	at sun.reflect.NativeConstructorAccessorImpl.newInstance(NativeConstructorAccessorImpl.java:62)
	at sun.reflect.DelegatingConstructorAccessorImpl.newInstance(DelegatingConstructorAccessorImpl.java:45)
	at java.lang.reflect.Constructor.newInstance(Constructor.java:423)
	at org.openqa.selenium.remote.http.W3CHttpResponseCodec.createException(W3CHttpResponseCodec.java:187)
	at org.openqa.selenium.remote.http.W3CHttpResponseCodec.decode(W3CHttpResponseCodec.java:122)
	at org.openqa.selenium.remote.http.W3CHttpResponseCodec.decode(W3CHttpResponseCodec.java:49)
	at org.openqa.selenium.remote.HttpCommandExecutor.execute(HttpCommandExecutor.java:158)
	at org.openqa.selenium.remote.service.DriverCommandExecutor.execute(DriverCommandExecutor.java:83)
	at org.openqa.selenium.remote.RemoteWebDriver.execute(RemoteWebDriver.java:552)
	at org.openqa.selenium.remote.RemoteWebDriver.execute(RemoteWebDriver.java:609)
	at org.openqa.selenium.remote.RemoteWebDriver.getScreenshotAs(RemoteWebDriver.java:295)
	at sun.reflect.NativeMethodAccessorImpl.invoke0(Native Method)
	at sun.reflect.NativeMethodAccessorImpl.invoke(NativeMethodAccessorImpl.java:62)
	at sun.reflect.DelegatingMethodAccessorImpl.invoke(DelegatingMethodAccessorImpl.java:43)
	at java.lang.reflect.Method.invoke(Method.java:498)
	at org.openqa.selenium.support.events.EventFiringWebDriver.lambda$new$1(EventFiringWebDriver.java:105)
	at com.sun.proxy.$Proxy10.getScreenshotAs(Unknown Source)
	at org.openqa.selenium.support.events.EventFiringWebDriver.getScreenshotAs(EventFiringWebDriver.java:302)
	at com.agilebiz.Utilities.GenericMethods.getScreenShot(GenericMethods.java:692)
	at com.agilebiz.Utilities.GenericMethods.getresult(GenericMethods.java:1007)
	at com.agilebiz.Utilities.GenericMethods.afterMethod(GenericMethods.java:1018)
	at sun.reflect.NativeMethodAccessorImpl.invoke0(Native Method)
	at sun.reflect.NativeMethodAccessorImpl.invoke(NativeMethodAccessorImpl.java:62)
	at sun.reflect.DelegatingMethodAccessorImpl.invoke(DelegatingMethodAccessorImpl.java:43)
	at java.lang.reflect.Method.invoke(Method.java:498)
	at org.testng.internal.MethodInvocationHelper.invokeMethod(MethodInvocationHelper.java:104)
	at org.testng.internal.Invoker.invokeConfigurationMethod(Invoker.java:515)
	at org.testng.internal.Invoker.invokeConfigurations(Invoker.java:217)
	at org.testng.internal.Invoker.invokeMethod(Invoker.java:712)
	at org.testng.internal.Invoker.invokeTestMethod(Invoker.java:851)
	at org.testng.internal.Invoker.invokeTestMethods(Invoker.java:1177)
	at org.testng.internal.TestMethodWorker.invokeTestMethods(TestMethodWorker.java:129)
	at org.testng.internal.TestMethodWorker.run(TestMethodWorker.java:112)
	at org.testng.TestRunner.privateRun(TestRunner.java:756)
	at org.testng.TestRunner.run(TestRunner.java:610)
	at org.testng.SuiteRunner.runTest(SuiteRunner.java:387)
	at org.testng.SuiteRunner.runSequentially(SuiteRunner.java:382)
	at org.testng.SuiteRunner.privateRun(SuiteRunner.java:340)
	at org.testng.SuiteRunner.run(SuiteRunner.java:289)
	at org.testng.SuiteRunnerWorker.runSuite(SuiteRunnerWorker.java:52)
	at org.testng.SuiteRunnerWorker.run(SuiteRunnerWorker.java:86)
	at org.testng.TestNG.runSuitesSequentially(TestNG.java:1293)
	at org.testng.TestNG.runSuitesLocally(TestNG.java:1218)
	at org.testng.TestNG.runSuites(TestNG.java:1133)
	at org.testng.TestNG.run(TestNG.java:1104)
	at org.testng.remote.AbstractRemoteTestNG.run(AbstractRemoteTestNG.java:114)
	at org.testng.remote.RemoteTestNG.initAndRun(RemoteTestNG.java:251)
	at org.testng.remote.RemoteTestNG.main(RemoteTestNG.java:77)

SKIPPED: PurchaseorderWithItemAndExpense("trans6", "HSR LAYOUT", "INDIAN ENTERPRISE", "30/11/2020", "100", "0", "F", "1700000", "80020", "1619980", "1619980", "0", "100", "0", "0", "1620080")
org.openqa.selenium.WebDriverException: unknown error: cannot activate web view
  (Session info: chrome=80.0.3987.163)
Build info: version: '3.141.59', revision: 'e82be7d358', time: '2018-11-14T08:17:03'
System info: host: 'VIRAT-PC', ip: '192.168.1.4', os.name: 'Windows 10', os.arch: 'x86', os.version: '10.0', java.version: '1.8.0_74'
Driver info: org.openqa.selenium.chrome.ChromeDriver
Capabilities {acceptInsecureCerts: false, browserName: chrome, browserVersion: 80.0.3987.163, chrome: {chromedriverVersion: 80.0.3987.106 (f68069574609..., userDataDir: C:\Users\VIRATA~1.000\AppDa...}, goog:chromeOptions: {debuggerAddress: localhost:49448}, javascriptEnabled: true, networkConnectionEnabled: false, pageLoadStrategy: normal, platform: WINDOWS, platformName: WINDOWS, proxy: Proxy(), setWindowRect: true, strictFileInteractability: false, timeouts: {implicit: 0, pageLoad: 300000, script: 30000}, unhandledPromptBehavior: dismiss and notify}
Session ID: b4b24064d85dafc06ac4b01eeb53de7a
	at sun.reflect.NativeConstructorAccessorImpl.newInstance0(Native Method)
	at sun.reflect.NativeConstructorAccessorImpl.newInstance(NativeConstructorAccessorImpl.java:62)
	at sun.reflect.DelegatingConstructorAccessorImpl.newInstance(DelegatingConstructorAccessorImpl.java:45)
	at java.lang.reflect.Constructor.newInstance(Constructor.java:423)
	at org.openqa.selenium.remote.http.W3CHttpResponseCodec.createException(W3CHttpResponseCodec.java:187)
	at org.openqa.selenium.remote.http.W3CHttpResponseCodec.decode(W3CHttpResponseCodec.java:122)
	at org.openqa.selenium.remote.http.W3CHttpResponseCodec.decode(W3CHttpResponseCodec.java:49)
	at org.openqa.selenium.remote.HttpCommandExecutor.execute(HttpCommandExecutor.java:158)
	at org.openqa.selenium.remote.service.DriverCommandExecutor.execute(DriverCommandExecutor.java:83)
	at org.openqa.selenium.remote.RemoteWebDriver.execute(RemoteWebDriver.java:552)
	at org.openqa.selenium.remote.RemoteWebDriver.execute(RemoteWebDriver.java:609)
	at org.openqa.selenium.remote.RemoteWebDriver.getScreenshotAs(RemoteWebDriver.java:295)
	at sun.reflect.NativeMethodAccessorImpl.invoke0(Native Method)
	at sun.reflect.NativeMethodAccessorImpl.invoke(NativeMethodAccessorImpl.java:62)
	at sun.reflect.DelegatingMethodAccessorImpl.invoke(DelegatingMethodAccessorImpl.java:43)
	at java.lang.reflect.Method.invoke(Method.java:498)
	at org.openqa.selenium.support.events.EventFiringWebDriver.lambda$new$1(EventFiringWebDriver.java:105)
	at com.sun.proxy.$Proxy10.getScreenshotAs(Unknown Source)
	at org.openqa.selenium.support.events.EventFiringWebDriver.getScreenshotAs(EventFiringWebDriver.java:302)
	at com.agilebiz.Utilities.GenericMethods.getScreenShot(GenericMethods.java:692)
	at com.agilebiz.Utilities.GenericMethods.getresult(GenericMethods.java:1007)
	at com.agilebiz.Utilities.GenericMethods.afterMethod(GenericMethods.java:1018)
	at sun.reflect.NativeMethodAccessorImpl.invoke0(Native Method)
	at sun.reflect.NativeMethodAccessorImpl.invoke(NativeMethodAccessorImpl.java:62)
	at sun.reflect.DelegatingMethodAccessorImpl.invoke(DelegatingMethodAccessorImpl.java:43)
	at java.lang.reflect.Method.invoke(Method.java:498)
	at org.testng.internal.MethodInvocationHelper.invokeMethod(MethodInvocationHelper.java:104)
	at org.testng.internal.Invoker.invokeConfigurationMethod(Invoker.java:515)
	at org.testng.internal.Invoker.invokeConfigurations(Invoker.java:217)
	at org.testng.internal.Invoker.invokeMethod(Invoker.java:712)
	at org.testng.internal.Invoker.invokeTestMethod(Invoker.java:851)
	at org.testng.internal.Invoker.invokeTestMethods(Invoker.java:1177)
	at org.testng.internal.TestMethodWorker.invokeTestMethods(TestMethodWorker.java:129)
	at org.testng.internal.TestMethodWorker.run(TestMethodWorker.java:112)
	at org.testng.TestRunner.privateRun(TestRunner.java:756)
	at org.testng.TestRunner.run(TestRunner.java:610)
	at org.testng.SuiteRunner.runTest(SuiteRunner.java:387)
	at org.testng.SuiteRunner.runSequentially(SuiteRunner.java:382)
	at org.testng.SuiteRunner.privateRun(SuiteRunner.java:340)
	at org.testng.SuiteRunner.run(SuiteRunner.java:289)
	at org.testng.SuiteRunnerWorker.runSuite(SuiteRunnerWorker.java:52)
	at org.testng.SuiteRunnerWorker.run(SuiteRunnerWorker.java:86)
	at org.testng.TestNG.runSuitesSequentially(TestNG.java:1293)
	at org.testng.TestNG.runSuitesLocally(TestNG.java:1218)
	at org.testng.TestNG.runSuites(TestNG.java:1133)
	at org.testng.TestNG.run(TestNG.java:1104)
	at org.testng.remote.AbstractRemoteTestNG.run(AbstractRemoteTestNG.java:114)
	at org.testng.remote.RemoteTestNG.initAndRun(RemoteTestNG.java:251)
	at org.testng.remote.RemoteTestNG.main(RemoteTestNG.java:77)

SKIPPED: PurchaseorderWithItemAndExpense("trans7", "HSR LAYOUT", "INDIAN ENTERPRISE", "30/11/2020", "0", "0", "", "1700000", "90000", "1610000", "2460000", "0", "0", "0", "0", "1610000")
org.openqa.selenium.WebDriverException: unknown error: cannot activate web view
  (Session info: chrome=80.0.3987.163)
Build info: version: '3.141.59', revision: 'e82be7d358', time: '2018-11-14T08:17:03'
System info: host: 'VIRAT-PC', ip: '192.168.1.4', os.name: 'Windows 10', os.arch: 'x86', os.version: '10.0', java.version: '1.8.0_74'
Driver info: org.openqa.selenium.chrome.ChromeDriver
Capabilities {acceptInsecureCerts: false, browserName: chrome, browserVersion: 80.0.3987.163, chrome: {chromedriverVersion: 80.0.3987.106 (f68069574609..., userDataDir: C:\Users\VIRATA~1.000\AppDa...}, goog:chromeOptions: {debuggerAddress: localhost:49448}, javascriptEnabled: true, networkConnectionEnabled: false, pageLoadStrategy: normal, platform: WINDOWS, platformName: WINDOWS, proxy: Proxy(), setWindowRect: true, strictFileInteractability: false, timeouts: {implicit: 0, pageLoad: 300000, script: 30000}, unhandledPromptBehavior: dismiss and notify}
Session ID: b4b24064d85dafc06ac4b01eeb53de7a
	at sun.reflect.NativeConstructorAccessorImpl.newInstance0(Native Method)
	at sun.reflect.NativeConstructorAccessorImpl.newInstance(NativeConstructorAccessorImpl.java:62)
	at sun.reflect.DelegatingConstructorAccessorImpl.newInstance(DelegatingConstructorAccessorImpl.java:45)
	at java.lang.reflect.Constructor.newInstance(Constructor.java:423)
	at org.openqa.selenium.remote.http.W3CHttpResponseCodec.createException(W3CHttpResponseCodec.java:187)
	at org.openqa.selenium.remote.http.W3CHttpResponseCodec.decode(W3CHttpResponseCodec.java:122)
	at org.openqa.selenium.remote.http.W3CHttpResponseCodec.decode(W3CHttpResponseCodec.java:49)
	at org.openqa.selenium.remote.HttpCommandExecutor.execute(HttpCommandExecutor.java:158)
	at org.openqa.selenium.remote.service.DriverCommandExecutor.execute(DriverCommandExecutor.java:83)
	at org.openqa.selenium.remote.RemoteWebDriver.execute(RemoteWebDriver.java:552)
	at org.openqa.selenium.remote.RemoteWebDriver.execute(RemoteWebDriver.java:609)
	at org.openqa.selenium.remote.RemoteWebDriver.getScreenshotAs(RemoteWebDriver.java:295)
	at sun.reflect.NativeMethodAccessorImpl.invoke0(Native Method)
	at sun.reflect.NativeMethodAccessorImpl.invoke(NativeMethodAccessorImpl.java:62)
	at sun.reflect.DelegatingMethodAccessorImpl.invoke(DelegatingMethodAccessorImpl.java:43)
	at java.lang.reflect.Method.invoke(Method.java:498)
	at org.openqa.selenium.support.events.EventFiringWebDriver.lambda$new$1(EventFiringWebDriver.java:105)
	at com.sun.proxy.$Proxy10.getScreenshotAs(Unknown Source)
	at org.openqa.selenium.support.events.EventFiringWebDriver.getScreenshotAs(EventFiringWebDriver.java:302)
	at com.agilebiz.Utilities.GenericMethods.getScreenShot(GenericMethods.java:692)
	at com.agilebiz.Utilities.GenericMethods.getresult(GenericMethods.java:1007)
	at com.agilebiz.Utilities.GenericMethods.afterMethod(GenericMethods.java:1018)
	at sun.reflect.NativeMethodAccessorImpl.invoke0(Native Method)
	at sun.reflect.NativeMethodAccessorImpl.invoke(NativeMethodAccessorImpl.java:62)
	at sun.reflect.DelegatingMethodAccessorImpl.invoke(DelegatingMethodAccessorImpl.java:43)
	at java.lang.reflect.Method.invoke(Method.java:498)
	at org.testng.internal.MethodInvocationHelper.invokeMethod(MethodInvocationHelper.java:104)
	at org.testng.internal.Invoker.invokeConfigurationMethod(Invoker.java:515)
	at org.testng.internal.Invoker.invokeConfigurations(Invoker.java:217)
	at org.testng.internal.Invoker.invokeMethod(Invoker.java:712)
	at org.testng.internal.Invoker.invokeTestMethod(Invoker.java:851)
	at org.testng.internal.Invoker.invokeTestMethods(Invoker.java:1177)
	at org.testng.internal.TestMethodWorker.invokeTestMethods(TestMethodWorker.java:129)
	at org.testng.internal.TestMethodWorker.run(TestMethodWorker.java:112)
	at org.testng.TestRunner.privateRun(TestRunner.java:756)
	at org.testng.TestRunner.run(TestRunner.java:610)
	at org.testng.SuiteRunner.runTest(SuiteRunner.java:387)
	at org.testng.SuiteRunner.runSequentially(SuiteRunner.java:382)
	at org.testng.SuiteRunner.privateRun(SuiteRunner.java:340)
	at org.testng.SuiteRunner.run(SuiteRunner.java:289)
	at org.testng.SuiteRunnerWorker.runSuite(SuiteRunnerWorker.java:52)
	at org.testng.SuiteRunnerWorker.run(SuiteRunnerWorker.java:86)
	at org.testng.TestNG.runSuitesSequentially(TestNG.java:1293)
	at org.testng.TestNG.runSuitesLocally(TestNG.java:1218)
	at org.testng.TestNG.runSuites(TestNG.java:1133)
	at org.testng.TestNG.run(TestNG.java:1104)
	at org.testng.remote.AbstractRemoteTestNG.run(AbstractRemoteTestNG.java:114)
	at org.testng.remote.RemoteTestNG.initAndRun(RemoteTestNG.java:251)
	at org.testng.remote.RemoteTestNG.main(RemoteTestNG.java:77)


===============================================
    Default test
    Tests run: 8, Failures: 1, Skips: 6
    Configuration Failures: 1, Skips: 12
===============================================

log4j:WARN No appenders could be found for logger (freemarker.cache).
log4j:WARN Please initialize the log4j system properly.
log4j:WARN See http://logging.apache.org/log4j/1.2/faq.html#noconfig for more info.

===============================================
Default suite
Total tests run: 8, Failures: 1, Skips: 6
Configuration Failures: 1, Skips: 12
===============================================

[TestNG] Time taken by org.testng.reporters.EmailableReporter2@4fa1da: 164 ms
[TestNG] Time taken by [FailedReporter passed=0 failed=0 skipped=0]: 146 ms
[TestNG] Time taken by org.testng.reporters.JUnitReportReporter@1fdd1f2: 262 ms
[TestNG] Time taken by org.testng.reporters.SuiteHTMLReporter@1b1a8f6: 75 ms
[TestNG] Time taken by org.testng.reporters.XMLReporter@1e879d: 9 ms
[TestNG] Time taken by org.testng.reporters.jq.Main@151a16e: 143 ms
