<?xml version="1.0" encoding="UTF-8"?>
<!-- Generated by org.testng.reporters.JUnitXMLReporter -->
<testsuite hostname="Virat-PC" ignored="1" name="PBILL" tests="1" failures="1" timestamp="13 Nov 2019 11:13:07 GMT" time="77.952" errors="0">
  <testcase name="PurchaseBill" time="27.522" classname="com.agilebiz.purchase.PurchaseBillScripts">
    <failure type="java.lang.AssertionError" message="Oops! FOB values cannot be entered expected [true] but found [false]">
      <![CDATA[java.lang.AssertionError: Oops! FOB values cannot be entered expected [true] but found [false]
	at com.agilebiz.purchase.PurchaseBillScripts.PurchaseBill(PurchaseBillScripts.java:74)
... Removed 30 stack frames]]>
    </failure>
  </testcase> <!-- PurchaseBill -->
  <testcase name="LoginTest" time="0.0" classname="com.agilebiz.purchase.PurchaseBillScripts">
    <ignored/>
  </testcase> <!-- LoginTest -->
</testsuite> <!-- PBILL -->
