<?xml version="1.0" encoding="UTF-8"?>
<!-- Generated by org.testng.reporters.JUnitXMLReporter -->
<testsuite hostname="Virat-PC" ignored="12" name="Sanity Test Suite" tests="23" failures="3" timestamp="12 Dec 2019 12:12:12 GMT" time="2099.513" errors="0">
  <testcase name="LoginTest" time="12.154" classname="com.agilebiz.login.LoginTestScripts"/>
  <testcase name="PurchaseRequisitionWithItemDetails" time="92.181" classname="com.agilebiz.purchase.PurchaseRequisitionTestScripts"/>
  <testcase name="PurchaseorderWithItemAndExpense" time="158.939" classname="com.agilebiz.purchase.PurchaseOrderScripts"/>
  <testcase name="PurchaseorderWithItemAndExpense" time="155.978" classname="com.agilebiz.purchase.PurchaseOrderScripts"/>
  <testcase name="PurchaseorderWithItemAndExpense" time="148.634" classname="com.agilebiz.purchase.PurchaseOrderScripts">
    <failure type="java.lang.AssertionError" message="Total ITC TAX are not correct expected [5] but found [0]">
      <![CDATA[java.lang.AssertionError: Total ITC TAX are not correct expected [5] but found [0]
	at com.agilebiz.purchase.PurchaseOrderScripts.PurchaseorderWithItemAndExpense(PurchaseOrderScripts.java:145)
... Removed 30 stack frames]]>
    </failure>
  </testcase> <!-- PurchaseorderWithItemAndExpense -->
  <testcase name="PurchaseorderWithItemAndExpense" time="163.754" classname="com.agilebiz.purchase.PurchaseOrderScripts"/>
  <testcase name="PurchaseorderWithItemAndExpense" time="157.372" classname="com.agilebiz.purchase.PurchaseOrderScripts"/>
  <testcase name="PurchaseorderWithItemAndExpense" time="157.434" classname="com.agilebiz.purchase.PurchaseOrderScripts"/>
  <testcase name="PurchaseorderWithItemAndExpense" time="158.432" classname="com.agilebiz.purchase.PurchaseOrderScripts"/>
  <testcase name="GoodsReceiptNote" time="103.816" classname="com.agilebiz.purchase.GoodsReceiptNoteScripts"/>
  <testcase name="GoodsReceiptNote" time="97.737" classname="com.agilebiz.purchase.GoodsReceiptNoteScripts"/>
  <testcase name="GoodsReceiptNote" time="57.497" classname="com.agilebiz.purchase.GoodsReceiptNoteScripts">
    <failure type="java.lang.AssertionError" message="Oops! Data is not filled from fillgrid expected [true] but found [false]">
      <![CDATA[java.lang.AssertionError: Oops! Data is not filled from fillgrid expected [true] but found [false]
	at com.agilebiz.purchase.GoodsReceiptNoteScripts.GoodsReceiptNote(GoodsReceiptNoteScripts.java:65)
... Removed 30 stack frames]]>
    </failure>
  </testcase> <!-- GoodsReceiptNote -->
  <testcase name="GoodsReceiptNote" time="103.839" classname="com.agilebiz.purchase.GoodsReceiptNoteScripts"/>
  <testcase name="GoodsReceiptNote" time="98.135" classname="com.agilebiz.purchase.GoodsReceiptNoteScripts"/>
  <testcase name="GoodsReceiptNote" time="98.205" classname="com.agilebiz.purchase.GoodsReceiptNoteScripts"/>
  <testcase name="GoodsReceiptNote" time="96.905" classname="com.agilebiz.purchase.GoodsReceiptNoteScripts"/>
  <testcase name="PurchaseBill" time="38.317" classname="com.agilebiz.purchase.PurchaseBillScripts"/>
  <testcase name="PurchaseBill" time="35.382" classname="com.agilebiz.purchase.PurchaseBillScripts"/>
  <testcase name="PurchaseBill" time="20.374" classname="com.agilebiz.purchase.PurchaseBillScripts">
    <failure type="java.lang.AssertionError" message="Oops! FOB values cannot be entered expected [true] but found [false]">
      <![CDATA[java.lang.AssertionError: Oops! FOB values cannot be entered expected [true] but found [false]
	at com.agilebiz.purchase.PurchaseBillScripts.PurchaseBill(PurchaseBillScripts.java:75)
... Removed 30 stack frames]]>
    </failure>
  </testcase> <!-- PurchaseBill -->
  <testcase name="PurchaseBill" time="35.993" classname="com.agilebiz.purchase.PurchaseBillScripts"/>
  <testcase name="PurchaseBill" time="33.623" classname="com.agilebiz.purchase.PurchaseBillScripts"/>
  <testcase name="PurchaseBill" time="37.958" classname="com.agilebiz.purchase.PurchaseBillScripts"/>
  <testcase name="PurchaseBill" time="34.003" classname="com.agilebiz.purchase.PurchaseBillScripts"/>
  <testcase name="LoginTest" time="0.0" classname="com.agilebiz.purchase.PurchaseRequisitionTestScripts">
    <ignored/>
  </testcase> <!-- LoginTest -->
  <testcase name="LoginTest" time="0.0" classname="com.agilebiz.purchase.GoodsReceiptNoteScripts">
    <ignored/>
  </testcase> <!-- LoginTest -->
  <testcase name="@AfterSuite endTest" time="0.0" classname="com.agilebiz.Utilities.GenericMethods">
    <ignored/>
  </testcase> <!-- @AfterSuite endTest -->
  <testcase name="@AfterSuite endTest" time="0.0" classname="com.agilebiz.Utilities.GenericMethods">
    <ignored/>
  </testcase> <!-- @AfterSuite endTest -->
  <testcase name="@AfterSuite endTest" time="0.0" classname="com.agilebiz.Utilities.GenericMethods">
    <ignored/>
  </testcase> <!-- @AfterSuite endTest -->
  <testcase name="@AfterSuite endTest" time="0.0" classname="com.agilebiz.Utilities.GenericMethods">
    <ignored/>
  </testcase> <!-- @AfterSuite endTest -->
  <testcase name="@BeforeSuite LoadRepository_and_OpenBrowser" time="0.0" classname="com.agilebiz.Utilities.TestBase">
    <ignored/>
  </testcase> <!-- @BeforeSuite LoadRepository_and_OpenBrowser -->
  <testcase name="@BeforeSuite LoadRepository_and_OpenBrowser" time="0.0" classname="com.agilebiz.Utilities.TestBase">
    <ignored/>
  </testcase> <!-- @BeforeSuite LoadRepository_and_OpenBrowser -->
  <testcase name="@BeforeSuite LoadRepository_and_OpenBrowser" time="0.0" classname="com.agilebiz.Utilities.TestBase">
    <ignored/>
  </testcase> <!-- @BeforeSuite LoadRepository_and_OpenBrowser -->
  <testcase name="@BeforeSuite LoadRepository_and_OpenBrowser" time="0.0" classname="com.agilebiz.Utilities.TestBase">
    <ignored/>
  </testcase> <!-- @BeforeSuite LoadRepository_and_OpenBrowser -->
  <testcase name="LoginTest" time="0.0" classname="com.agilebiz.purchase.PurchaseOrderScripts">
    <ignored/>
  </testcase> <!-- LoginTest -->
  <testcase name="LoginTest" time="0.0" classname="com.agilebiz.purchase.PurchaseBillScripts">
    <ignored/>
  </testcase> <!-- LoginTest -->
</testsuite> <!-- Sanity Test Suite -->
