<html>
<head>
<title>TestNG:  Sanity Test Suite</title>
<link href="../testng.css" rel="stylesheet" type="text/css" />
<link href="../my-testng.css" rel="stylesheet" type="text/css" />

<style type="text/css">
.log { display: none;} 
.stack-trace { display: none;} 
</style>
<script type="text/javascript">
<!--
function flip(e) {
  current = e.style.display;
  if (current == 'block') {
    e.style.display = 'none';
    return 0;
  }
  else {
    e.style.display = 'block';
    return 1;
  }
}

function toggleBox(szDivId, elem, msg1, msg2)
{
  var res = -1;  if (document.getElementById) {
    res = flip(document.getElementById(szDivId));
  }
  else if (document.all) {
    // this is the way old msie versions work
    res = flip(document.all[szDivId]);
  }
  if(elem) {
    if(res == 0) elem.innerHTML = msg1; else elem.innerHTML = msg2;
  }

}

function toggleAllBoxes() {
  if (document.getElementsByTagName) {
    d = document.getElementsByTagName('div');
    for (i = 0; i < d.length; i++) {
      if (d[i].className == 'log') {
        flip(d[i]);
      }
    }
  }
}

// -->
</script>

</head>
<body>
<h2 align='center'>Sanity Test Suite</h2><table border='1' align="center">
<tr>
<td>Tests passed/Failed/Skipped:</td><td>20/3/0</td>
</tr><tr>
<td>Started on:</td><td>Thu Dec 12 17:07:12 IST 2019</td>
</tr>
<tr><td>Total time:</td><td>2099 seconds (2099513 ms)</td>
</tr><tr>
<td>Included groups:</td><td></td>
</tr><tr>
<td>Excluded groups:</td><td></td>
</tr>
</table><p/>
<small><i>(Hover the method name to see the test class name)</i></small><p/>
<table width='100%' border='1' class='invocation-failed'>
<tr><td colspan='4' align='center'><b>FAILED TESTS</b></td></tr>
<tr><td><b>Test method</b></td>
<td width="30%"><b>Exception</b></td>
<td width="10%"><b>Time (seconds)</b></td>
<td><b>Instance</b></td>
</tr>
<tr>
<td title='com.agilebiz.purchase.GoodsReceiptNoteScripts.GoodsReceiptNote()'><b>GoodsReceiptNote</b><br>Test class: com.agilebiz.purchase.GoodsReceiptNoteScripts<br>Parameters: trans3, HSR LAYOUT, INDIAN ENTERPRISE, , 3435<br/>
<a href="#Output-3247585" onClick='toggleBox("Output-3247585", this, "Show output", "Hide output");'>Show output</a>

<a href="#Output-3247585" onClick="toggleAllBoxes();">Show all outputs</a>
<div class='log' id="Output-3247585">
No Record Found In Fillgrid<br/>
</div>
</td>
<td><div><pre>java.lang.AssertionError: Oops! Data is not filled from fillgrid expected [true] but found [false]
	at com.agilebiz.purchase.GoodsReceiptNoteScripts.GoodsReceiptNote(GoodsReceiptNoteScripts.java:65)
... Removed 30 stack frames</pre></div><a href='#' onClick='toggleBox("stack-trace3247585", this, "Click to show all stack frames", "Click to hide stack frames")'>Click to show all stack frames</a>
<div class='stack-trace' id='stack-trace3247585'><pre>java.lang.AssertionError: Oops! Data is not filled from fillgrid expected [true] but found [false]
	at org.testng.Assert.fail(Assert.java:94)
	at org.testng.Assert.failNotEquals(Assert.java:513)
	at org.testng.Assert.assertEqualsImpl(Assert.java:135)
	at org.testng.Assert.assertEquals(Assert.java:116)
	at org.testng.Assert.assertEquals(Assert.java:305)
	at com.agilebiz.purchase.GoodsReceiptNoteScripts.GoodsReceiptNote(GoodsReceiptNoteScripts.java:65)
	at sun.reflect.NativeMethodAccessorImpl.invoke0(Native Method)
	at sun.reflect.NativeMethodAccessorImpl.invoke(NativeMethodAccessorImpl.java:62)
	at sun.reflect.DelegatingMethodAccessorImpl.invoke(DelegatingMethodAccessorImpl.java:43)
	at java.lang.reflect.Method.invoke(Method.java:498)
	at org.testng.internal.MethodInvocationHelper.invokeMethod(MethodInvocationHelper.java:104)
	at org.testng.internal.Invoker.invokeMethod(Invoker.java:645)
	at org.testng.internal.Invoker.invokeTestMethod(Invoker.java:851)
	at org.testng.internal.Invoker.invokeTestMethods(Invoker.java:1177)
	at org.testng.internal.TestMethodWorker.invokeTestMethods(TestMethodWorker.java:129)
	at org.testng.internal.TestMethodWorker.run(TestMethodWorker.java:112)
	at org.testng.TestRunner.privateRun(TestRunner.java:756)
	at org.testng.TestRunner.run(TestRunner.java:610)
	at org.testng.SuiteRunner.runTest(SuiteRunner.java:387)
	at org.testng.SuiteRunner.runSequentially(SuiteRunner.java:382)
	at org.testng.SuiteRunner.privateRun(SuiteRunner.java:340)
	at org.testng.SuiteRunner.run(SuiteRunner.java:289)
	at org.testng.SuiteRunnerWorker.runSuite(SuiteRunnerWorker.java:52)
	at org.testng.SuiteRunnerWorker.run(SuiteRunnerWorker.java:86)
	at org.testng.TestNG.runSuitesSequentially(TestNG.java:1293)
	at org.testng.TestNG.runSuitesLocally(TestNG.java:1218)
	at org.testng.TestNG.runSuites(TestNG.java:1133)
	at org.testng.TestNG.run(TestNG.java:1104)
	at org.testng.remote.AbstractRemoteTestNG.run(AbstractRemoteTestNG.java:114)
	at org.testng.remote.RemoteTestNG.initAndRun(RemoteTestNG.java:251)
	at org.testng.remote.RemoteTestNG.main(RemoteTestNG.java:77)
</pre></div></td>
<td>57</td>
<td>com.agilebiz.purchase.GoodsReceiptNoteScripts@24a83d</td></tr>
<tr>
<td title='com.agilebiz.purchase.PurchaseBillScripts.PurchaseBill()'><b>PurchaseBill</b><br>Test class: com.agilebiz.purchase.PurchaseBillScripts<br>Parameters: trans3, HSR LAYOUT, INDIAN ENTERPRISE, , , 1700000, 1700000, 1785205, 1700000, 1700000, 1700000, 85000, 200, 5, 0, 1785205</td>
<td><div><pre>java.lang.AssertionError: Oops! FOB values cannot be entered expected [true] but found [false]
	at com.agilebiz.purchase.PurchaseBillScripts.PurchaseBill(PurchaseBillScripts.java:75)
... Removed 30 stack frames</pre></div><a href='#' onClick='toggleBox("stack-trace3227791", this, "Click to show all stack frames", "Click to hide stack frames")'>Click to show all stack frames</a>
<div class='stack-trace' id='stack-trace3227791'><pre>java.lang.AssertionError: Oops! FOB values cannot be entered expected [true] but found [false]
	at org.testng.Assert.fail(Assert.java:94)
	at org.testng.Assert.failNotEquals(Assert.java:513)
	at org.testng.Assert.assertEqualsImpl(Assert.java:135)
	at org.testng.Assert.assertEquals(Assert.java:116)
	at org.testng.Assert.assertEquals(Assert.java:305)
	at com.agilebiz.purchase.PurchaseBillScripts.PurchaseBill(PurchaseBillScripts.java:75)
	at sun.reflect.NativeMethodAccessorImpl.invoke0(Native Method)
	at sun.reflect.NativeMethodAccessorImpl.invoke(NativeMethodAccessorImpl.java:62)
	at sun.reflect.DelegatingMethodAccessorImpl.invoke(DelegatingMethodAccessorImpl.java:43)
	at java.lang.reflect.Method.invoke(Method.java:498)
	at org.testng.internal.MethodInvocationHelper.invokeMethod(MethodInvocationHelper.java:104)
	at org.testng.internal.Invoker.invokeMethod(Invoker.java:645)
	at org.testng.internal.Invoker.invokeTestMethod(Invoker.java:851)
	at org.testng.internal.Invoker.invokeTestMethods(Invoker.java:1177)
	at org.testng.internal.TestMethodWorker.invokeTestMethods(TestMethodWorker.java:129)
	at org.testng.internal.TestMethodWorker.run(TestMethodWorker.java:112)
	at org.testng.TestRunner.privateRun(TestRunner.java:756)
	at org.testng.TestRunner.run(TestRunner.java:610)
	at org.testng.SuiteRunner.runTest(SuiteRunner.java:387)
	at org.testng.SuiteRunner.runSequentially(SuiteRunner.java:382)
	at org.testng.SuiteRunner.privateRun(SuiteRunner.java:340)
	at org.testng.SuiteRunner.run(SuiteRunner.java:289)
	at org.testng.SuiteRunnerWorker.runSuite(SuiteRunnerWorker.java:52)
	at org.testng.SuiteRunnerWorker.run(SuiteRunnerWorker.java:86)
	at org.testng.TestNG.runSuitesSequentially(TestNG.java:1293)
	at org.testng.TestNG.runSuitesLocally(TestNG.java:1218)
	at org.testng.TestNG.runSuites(TestNG.java:1133)
	at org.testng.TestNG.run(TestNG.java:1104)
	at org.testng.remote.AbstractRemoteTestNG.run(AbstractRemoteTestNG.java:114)
	at org.testng.remote.RemoteTestNG.initAndRun(RemoteTestNG.java:251)
	at org.testng.remote.RemoteTestNG.main(RemoteTestNG.java:77)
</pre></div></td>
<td>20</td>
<td>com.agilebiz.purchase.PurchaseBillScripts@17f60bf</td></tr>
<tr>
<td title='com.agilebiz.purchase.PurchaseOrderScripts.PurchaseorderWithItemAndExpense()'><b>PurchaseorderWithItemAndExpense</b><br>Test class: com.agilebiz.purchase.PurchaseOrderScripts<br>Parameters: trans3, HSR LAYOUT, INDIAN ENTERPRISE, 30/11/2020, 100, 100, T, 1700000, 0, 1700000, 1700000, 85000, 200, 5, 0, 1785205</td>
<td><div><pre>java.lang.AssertionError: Total ITC TAX are not correct expected [5] but found [0]
	at com.agilebiz.purchase.PurchaseOrderScripts.PurchaseorderWithItemAndExpense(PurchaseOrderScripts.java:145)
... Removed 30 stack frames</pre></div><a href='#' onClick='toggleBox("stack-trace8282605", this, "Click to show all stack frames", "Click to hide stack frames")'>Click to show all stack frames</a>
<div class='stack-trace' id='stack-trace8282605'><pre>java.lang.AssertionError: Total ITC TAX are not correct expected [5] but found [0]
	at org.testng.Assert.fail(Assert.java:94)
	at org.testng.Assert.failNotEquals(Assert.java:513)
	at org.testng.Assert.assertEqualsImpl(Assert.java:135)
	at org.testng.Assert.assertEquals(Assert.java:116)
	at org.testng.Assert.assertEquals(Assert.java:190)
	at com.agilebiz.purchase.PurchaseOrderScripts.PurchaseorderWithItemAndExpense(PurchaseOrderScripts.java:145)
	at sun.reflect.NativeMethodAccessorImpl.invoke0(Native Method)
	at sun.reflect.NativeMethodAccessorImpl.invoke(NativeMethodAccessorImpl.java:62)
	at sun.reflect.DelegatingMethodAccessorImpl.invoke(DelegatingMethodAccessorImpl.java:43)
	at java.lang.reflect.Method.invoke(Method.java:498)
	at org.testng.internal.MethodInvocationHelper.invokeMethod(MethodInvocationHelper.java:104)
	at org.testng.internal.Invoker.invokeMethod(Invoker.java:645)
	at org.testng.internal.Invoker.invokeTestMethod(Invoker.java:851)
	at org.testng.internal.Invoker.invokeTestMethods(Invoker.java:1177)
	at org.testng.internal.TestMethodWorker.invokeTestMethods(TestMethodWorker.java:129)
	at org.testng.internal.TestMethodWorker.run(TestMethodWorker.java:112)
	at org.testng.TestRunner.privateRun(TestRunner.java:756)
	at org.testng.TestRunner.run(TestRunner.java:610)
	at org.testng.SuiteRunner.runTest(SuiteRunner.java:387)
	at org.testng.SuiteRunner.runSequentially(SuiteRunner.java:382)
	at org.testng.SuiteRunner.privateRun(SuiteRunner.java:340)
	at org.testng.SuiteRunner.run(SuiteRunner.java:289)
	at org.testng.SuiteRunnerWorker.runSuite(SuiteRunnerWorker.java:52)
	at org.testng.SuiteRunnerWorker.run(SuiteRunnerWorker.java:86)
	at org.testng.TestNG.runSuitesSequentially(TestNG.java:1293)
	at org.testng.TestNG.runSuitesLocally(TestNG.java:1218)
	at org.testng.TestNG.runSuites(TestNG.java:1133)
	at org.testng.TestNG.run(TestNG.java:1104)
	at org.testng.remote.AbstractRemoteTestNG.run(AbstractRemoteTestNG.java:114)
	at org.testng.remote.RemoteTestNG.initAndRun(RemoteTestNG.java:251)
	at org.testng.remote.RemoteTestNG.main(RemoteTestNG.java:77)
</pre></div></td>
<td>148</td>
<td>com.agilebiz.purchase.PurchaseOrderScripts@136aa0c</td></tr>
</table><p>
<table width='100%' border='1' class='invocation-passed'>
<tr><td colspan='4' align='center'><b>PASSED TESTS</b></td></tr>
<tr><td><b>Test method</b></td>
<td width="30%"><b>Exception</b></td>
<td width="10%"><b>Time (seconds)</b></td>
<td><b>Instance</b></td>
</tr>
<tr>
<td title='com.agilebiz.purchase.GoodsReceiptNoteScripts.GoodsReceiptNote()'><b>GoodsReceiptNote</b><br>Test class: com.agilebiz.purchase.GoodsReceiptNoteScripts<br>Parameters: trans1, HSR LAYOUT, INDIAN ENTERPRISE, POHSR19000434, 673</td>
<td></td>
<td>103</td>
<td>com.agilebiz.purchase.GoodsReceiptNoteScripts@24a83d</td></tr>
<tr>
<td title='com.agilebiz.purchase.GoodsReceiptNoteScripts.GoodsReceiptNote()'><b>GoodsReceiptNote</b><br>Test class: com.agilebiz.purchase.GoodsReceiptNoteScripts<br>Parameters: trans2, HSR LAYOUT, INDIAN ENTERPRISE, POHSR19000435, 654</td>
<td></td>
<td>97</td>
<td>com.agilebiz.purchase.GoodsReceiptNoteScripts@24a83d</td></tr>
<tr>
<td title='com.agilebiz.purchase.GoodsReceiptNoteScripts.GoodsReceiptNote()'><b>GoodsReceiptNote</b><br>Test class: com.agilebiz.purchase.GoodsReceiptNoteScripts<br>Parameters: trans4, HSR LAYOUT, INDIAN ENTERPRISE, POHSR19000436, 7665</td>
<td></td>
<td>103</td>
<td>com.agilebiz.purchase.GoodsReceiptNoteScripts@24a83d</td></tr>
<tr>
<td title='com.agilebiz.purchase.GoodsReceiptNoteScripts.GoodsReceiptNote()'><b>GoodsReceiptNote</b><br>Test class: com.agilebiz.purchase.GoodsReceiptNoteScripts<br>Parameters: trans5, HSR LAYOUT, INDIAN ENTERPRISE, POHSR19000437, 675533</td>
<td></td>
<td>98</td>
<td>com.agilebiz.purchase.GoodsReceiptNoteScripts@24a83d</td></tr>
<tr>
<td title='com.agilebiz.purchase.GoodsReceiptNoteScripts.GoodsReceiptNote()'><b>GoodsReceiptNote</b><br>Test class: com.agilebiz.purchase.GoodsReceiptNoteScripts<br>Parameters: trans6, HSR LAYOUT, INDIAN ENTERPRISE, POHSR19000438, 563</td>
<td></td>
<td>98</td>
<td>com.agilebiz.purchase.GoodsReceiptNoteScripts@24a83d</td></tr>
<tr>
<td title='com.agilebiz.purchase.GoodsReceiptNoteScripts.GoodsReceiptNote()'><b>GoodsReceiptNote</b><br>Test class: com.agilebiz.purchase.GoodsReceiptNoteScripts<br>Parameters: trans7, HSR LAYOUT, INDIAN ENTERPRISE, POHSR19000439, 4523</td>
<td></td>
<td>96</td>
<td>com.agilebiz.purchase.GoodsReceiptNoteScripts@24a83d</td></tr>
<tr>
<td title='com.agilebiz.login.LoginTestScripts.LoginTest()'><b>LoginTest</b><br>Test class: com.agilebiz.login.LoginTestScripts<br/>
<a href="#Output-15509446" onClick='toggleBox("Output-15509446", this, "Show output", "Hide output");'>Show output</a>

<a href="#Output-15509446" onClick="toggleAllBoxes();">Show all outputs</a>
<div class='log' id="Output-15509446">
Verify Home Page<br/>
</div>
</td>
<td></td>
<td>12</td>
<td>com.agilebiz.login.LoginTestScripts@883b15</td></tr>
<tr>
<td title='com.agilebiz.purchase.PurchaseBillScripts.PurchaseBill()'><b>PurchaseBill</b><br>Test class: com.agilebiz.purchase.PurchaseBillScripts<br>Parameters: trans1, HSR LAYOUT, INDIAN ENTERPRISE, POHSR19000434, GRNHSR19000337, 850000, 850000, 850000, 850000, 850000, 850000, 0, 0, 0, 0, 850000</td>
<td></td>
<td>38</td>
<td>com.agilebiz.purchase.PurchaseBillScripts@17f60bf</td></tr>
<tr>
<td title='com.agilebiz.purchase.PurchaseBillScripts.PurchaseBill()'><b>PurchaseBill</b><br>Test class: com.agilebiz.purchase.PurchaseBillScripts<br>Parameters: trans2, HSR LAYOUT, INDIAN ENTERPRISE, POHSR19000435, GRNHSR19000338, 850000, 850000, 892700, 850000, 850000, 850000, 42500, 200, 0, 0, 892700</td>
<td></td>
<td>35</td>
<td>com.agilebiz.purchase.PurchaseBillScripts@17f60bf</td></tr>
<tr>
<td title='com.agilebiz.purchase.PurchaseBillScripts.PurchaseBill()'><b>PurchaseBill</b><br>Test class: com.agilebiz.purchase.PurchaseBillScripts<br>Parameters: trans4, HSR LAYOUT, INDIAN ENTERPRISE, POHSR19000436, GRNHSR19000339, 2550000, 2550000, 2856112, 2550000, 2550000, 2550000, 306000, 100, 12, 0, 2856112</td>
<td></td>
<td>35</td>
<td>com.agilebiz.purchase.PurchaseBillScripts@17f60bf</td></tr>
<tr>
<td title='com.agilebiz.purchase.PurchaseBillScripts.PurchaseBill()'><b>PurchaseBill</b><br>Test class: com.agilebiz.purchase.PurchaseBillScripts<br>Parameters: trans5, HSR LAYOUT, INDIAN ENTERPRISE, POHSR19000437, GRNHSR19000340, 850000, 720000, 720100, 720000, 850000, 720000, 0, 100, 0, 0, 720100</td>
<td></td>
<td>33</td>
<td>com.agilebiz.purchase.PurchaseBillScripts@17f60bf</td></tr>
<tr>
<td title='com.agilebiz.purchase.PurchaseBillScripts.PurchaseBill()'><b>PurchaseBill</b><br>Test class: com.agilebiz.purchase.PurchaseBillScripts<br>Parameters: trans6, HSR LAYOUT, INDIAN ENTERPRISE, POHSR19000438, GRNHSR19000341, 1700000, 1619980, 1620080, 1619980, 1700000, 1619980, 0, 100, 0, 0, 1620080</td>
<td></td>
<td>37</td>
<td>com.agilebiz.purchase.PurchaseBillScripts@17f60bf</td></tr>
<tr>
<td title='com.agilebiz.purchase.PurchaseBillScripts.PurchaseBill()'><b>PurchaseBill</b><br>Test class: com.agilebiz.purchase.PurchaseBillScripts<br>Parameters: trans7, HSR LAYOUT, INDIAN ENTERPRISE, POHSR19000439, GRNHSR19000342, 1700000, 1610000, 1610000, 1610000, 1700000, 2460000, 0, 0, 0, 0, 1610000</td>
<td></td>
<td>34</td>
<td>com.agilebiz.purchase.PurchaseBillScripts@17f60bf</td></tr>
<tr>
<td title='com.agilebiz.purchase.PurchaseRequisitionTestScripts.PurchaseRequisitionWithItemDetails()'><b>PurchaseRequisitionWithItemDetails</b><br>Test class: com.agilebiz.purchase.PurchaseRequisitionTestScripts<br>Parameters: trans1, HSR LAYOUT, HSR LAYOUT, PROCUREMENT</td>
<td></td>
<td>92</td>
<td>com.agilebiz.purchase.PurchaseRequisitionTestScripts@1641d39</td></tr>
<tr>
<td title='com.agilebiz.purchase.PurchaseOrderScripts.PurchaseorderWithItemAndExpense()'><b>PurchaseorderWithItemAndExpense</b><br>Test class: com.agilebiz.purchase.PurchaseOrderScripts<br>Parameters: trans1, HSR LAYOUT, INDIAN ENTERPRISE, 30/11/2020, 0, 0, , 850000, 0, 850000, 850000, 0, 0, 0, 0, 850000</td>
<td></td>
<td>158</td>
<td>com.agilebiz.purchase.PurchaseOrderScripts@136aa0c</td></tr>
<tr>
<td title='com.agilebiz.purchase.PurchaseOrderScripts.PurchaseorderWithItemAndExpense()'><b>PurchaseorderWithItemAndExpense</b><br>Test class: com.agilebiz.purchase.PurchaseOrderScripts<br>Parameters: trans2, HSR LAYOUT, INDIAN ENTERPRISE, 30/11/2020, 100, 100, F, 850000, 0, 850000, 850000, 42500, 200, 0, 0, 892700</td>
<td></td>
<td>155</td>
<td>com.agilebiz.purchase.PurchaseOrderScripts@136aa0c</td></tr>
<tr>
<td title='com.agilebiz.purchase.PurchaseOrderScripts.PurchaseorderWithItemAndExpense()'><b>PurchaseorderWithItemAndExpense</b><br>Test class: com.agilebiz.purchase.PurchaseOrderScripts<br>Parameters: trans4, HSR LAYOUT, INDIAN ENTERPRISE, 30/11/2020, 100, 0, T, 2550000, 0, 2550000, 2550000, 306000, 100, 12, 0, 2856112</td>
<td></td>
<td>163</td>
<td>com.agilebiz.purchase.PurchaseOrderScripts@136aa0c</td></tr>
<tr>
<td title='com.agilebiz.purchase.PurchaseOrderScripts.PurchaseorderWithItemAndExpense()'><b>PurchaseorderWithItemAndExpense</b><br>Test class: com.agilebiz.purchase.PurchaseOrderScripts<br>Parameters: trans5, HSR LAYOUT, INDIAN ENTERPRISE, 30/11/2020, 0, 100, T, 850000, 130000, 720000, 720000, 0, 100, 0, 0, 720100</td>
<td></td>
<td>157</td>
<td>com.agilebiz.purchase.PurchaseOrderScripts@136aa0c</td></tr>
<tr>
<td title='com.agilebiz.purchase.PurchaseOrderScripts.PurchaseorderWithItemAndExpense()'><b>PurchaseorderWithItemAndExpense</b><br>Test class: com.agilebiz.purchase.PurchaseOrderScripts<br>Parameters: trans6, HSR LAYOUT, INDIAN ENTERPRISE, 30/11/2020, 100, 0, F, 1700000, 80020, 1619980, 1619980, 0, 100, 0, 0, 1620080</td>
<td></td>
<td>157</td>
<td>com.agilebiz.purchase.PurchaseOrderScripts@136aa0c</td></tr>
<tr>
<td title='com.agilebiz.purchase.PurchaseOrderScripts.PurchaseorderWithItemAndExpense()'><b>PurchaseorderWithItemAndExpense</b><br>Test class: com.agilebiz.purchase.PurchaseOrderScripts<br>Parameters: trans7, HSR LAYOUT, INDIAN ENTERPRISE, 30/11/2020, 0, 0, , 1700000, 90000, 1610000, 2460000, 0, 0, 0, 0, 1610000</td>
<td></td>
<td>158</td>
<td>com.agilebiz.purchase.PurchaseOrderScripts@136aa0c</td></tr>
</table><p>
</body>
</html>